% mean class accuracy (train set)	
 9.2327e+01	
 9.7908e+01	
 9.8560e+01	
 9.8950e+01	
 9.9188e+01	
 9.9335e+01	
 9.9475e+01	
 9.9565e+01	
 9.9662e+01	
 9.9747e+01	
 9.9813e+01	
 9.9880e+01	
 9.9923e+01	
 9.9937e+01	
 9.9950e+01	
 9.9972e+01	
 9.9977e+01	
 9.9983e+01	
 9.9988e+01	
 9.9990e+01	
 9.9993e+01	
 9.9993e+01	
 9.9993e+01	
 9.9997e+01	
 9.9997e+01	
 9.9997e+01	
 9.9998e+01	
 9.9998e+01	
 9.9998e+01	
 9.9998e+01	
 9.9998e+01	
 9.9998e+01	
 1.0000e+02	
 9.9998e+01	
 9.9998e+01	
 1.0000e+02	
 1.0000e+02	
 1.0000e+02	
 1.0000e+02	
 1.0000e+02	
 1.0000e+02	
 1.0000e+02	
 1.0000e+02	
 1.0000e+02	
 1.0000e+02	
 1.0000e+02	
 1.0000e+02	
 1.0000e+02	
 1.0000e+02	
 1.0000e+02	
 1.0000e+02	
 1.0000e+02	
 1.0000e+02	
 1.0000e+02	
 1.0000e+02	
 1.0000e+02	
 1.0000e+02	
 1.0000e+02	
 1.0000e+02	
 1.0000e+02	
 1.0000e+02	
 1.0000e+02	
 1.0000e+02	
 1.0000e+02	
 1.0000e+02	
 1.0000e+02	
 1.0000e+02	
