% mean class accuracy (train set)	
 5.6732e+01	
 6.6784e+01	
 6.6781e+01	
 6.6797e+01	
 6.6910e+01	
 6.7732e+01	
 7.0133e+01	
 7.3573e+01	
 7.7085e+01	
 8.1052e+01	
 8.5014e+01	
 8.8332e+01	
 9.1353e+01	
 9.3233e+01	
 9.4408e+01	
 9.5177e+01	
 9.5539e+01	
 9.5949e+01	
 9.6116e+01	
 9.6236e+01	
 9.6390e+01	
 9.6488e+01	
 9.6617e+01	
 9.6692e+01	
 9.6834e+01	
 9.6938e+01	
 9.7077e+01	
 9.7165e+01	
 9.7281e+01	
 9.7395e+01	
 9.7496e+01	
 9.7590e+01	
 9.7628e+01	
 9.7719e+01	
 9.7782e+01	
 9.7852e+01	
 9.7924e+01	
 9.7968e+01	
 9.8006e+01	
 9.8050e+01	
 9.8107e+01	
 9.8145e+01	
 9.8198e+01	
 9.8239e+01	
 9.8267e+01	
 9.8327e+01	
 9.8384e+01	
 9.8403e+01	
 9.8400e+01	
 9.8456e+01	
 9.8472e+01	
 9.8501e+01	
 9.8535e+01	
 9.8557e+01	
 9.8582e+01	
 9.8608e+01	
 9.8630e+01	
 9.8693e+01	
 9.8690e+01	
 9.8702e+01	
 9.8721e+01	
 9.8718e+01	
 9.8759e+01	
 9.8768e+01	
 9.8771e+01	
 9.8793e+01	
 9.8803e+01	
 9.8812e+01	
 9.8841e+01	
 9.8844e+01	
 9.8847e+01	
 9.8863e+01	
 9.8875e+01	
 9.8888e+01	
 9.8901e+01	
 9.8907e+01	
 9.8929e+01	
 9.8929e+01	
 9.8948e+01	
 9.8948e+01	
 9.8982e+01	
 9.8998e+01	
 9.8989e+01	
 9.8986e+01	
 9.8998e+01	
 9.9017e+01	
 9.9017e+01	
 9.9058e+01	
 9.9045e+01	
 9.9077e+01	
 9.9071e+01	
 9.9102e+01	
 9.9118e+01	
 9.9115e+01	
 9.9118e+01	
 9.9137e+01	
 9.9131e+01	
 9.9137e+01	
 9.9146e+01	
 9.9140e+01	
 9.9156e+01	
 9.9162e+01	
 9.9175e+01	
 9.9187e+01	
 9.9187e+01	
 9.9203e+01	
 9.9200e+01	
 9.9206e+01	
 9.9216e+01	
 9.9216e+01	
 9.9216e+01	
 9.9231e+01	
 9.9238e+01	
