% mean class accuracy (train set)	
 6.6690e+01	
 8.6183e+01	
 9.4821e+01	
 9.7240e+01	
 9.8163e+01	
 9.8623e+01	
 9.8838e+01	
 9.9086e+01	
 9.9244e+01	
 9.9379e+01	
 9.9433e+01	
 9.9521e+01	
 9.9578e+01	
 9.9587e+01	
 9.9622e+01	
 9.9644e+01	
 9.9672e+01	
 9.9653e+01	
 9.9732e+01	
 9.9735e+01	
 9.9754e+01	
 9.9739e+01	
 9.9720e+01	
 9.9735e+01	
 9.9367e+01	
 9.9773e+01	
 9.9761e+01	
 9.9789e+01	
 9.9786e+01	
 9.9779e+01	
 9.9814e+01	
 9.9795e+01	
 9.9827e+01	
 9.9798e+01	
 9.9836e+01	
 9.9846e+01	
 9.9836e+01	
 9.9833e+01	
 9.9836e+01	
 9.8793e+01	
 9.9767e+01	
 9.9855e+01	
 9.9871e+01	
 9.9849e+01	
 9.9855e+01	
 9.9877e+01	
 9.9877e+01	
 9.9861e+01	
 9.9877e+01	
 9.9896e+01	
 9.9865e+01	
 9.9883e+01	
 9.9909e+01	
 9.9902e+01	
 9.9877e+01	
 9.9893e+01	
 9.9915e+01	
 9.9905e+01	
 9.9905e+01	
 9.9902e+01	
 9.9902e+01	
 9.9912e+01	
 9.9187e+01	
 9.9880e+01	
 9.9887e+01	
 9.9909e+01	
 9.9931e+01	
 9.9909e+01	
 9.9921e+01	
 9.9937e+01	
 9.9915e+01	
 9.9924e+01	
 9.9931e+01	
 9.9918e+01	
 9.9931e+01	
 9.9915e+01	
 9.9937e+01	
 9.9928e+01	
 9.9946e+01	
 9.9928e+01	
 9.9928e+01	
 9.9943e+01	
 9.9943e+01	
 9.9943e+01	
 9.9946e+01	
 9.9940e+01	
 9.9937e+01	
 9.9950e+01	
 9.9943e+01	
 9.9937e+01	
 9.9953e+01	
 9.9956e+01	
 9.9943e+01	
 9.9943e+01	
 9.9956e+01	
 9.9956e+01	
 9.9946e+01	
 9.9950e+01	
 9.9943e+01	
 9.9965e+01	
 9.9965e+01	
 9.9962e+01	
 9.9959e+01	
 9.9962e+01	
 9.9946e+01	
 9.9962e+01	
 9.9950e+01	
 9.9956e+01	
 9.9962e+01	
 9.9962e+01	
 9.9962e+01	
 9.9972e+01	
 9.9962e+01	
 9.9953e+01	
 9.9968e+01	
 9.9962e+01	
 9.9972e+01	
 9.9975e+01	
 9.9972e+01	
 9.9968e+01	
 9.9972e+01	
 9.9975e+01	
 9.9981e+01	
 9.9978e+01	
 9.9968e+01	
 9.9981e+01	
 9.9975e+01	
 9.9978e+01	
 9.9972e+01	
 9.9972e+01	
 9.9978e+01	
 9.9981e+01	
 9.9978e+01	
 9.9978e+01	
 9.9987e+01	
 9.9981e+01	
 9.9959e+01	
 9.9972e+01	
 9.9984e+01	
 9.9984e+01	
 9.9975e+01	
 9.9978e+01	
 9.9984e+01	
 9.9984e+01	
 9.9978e+01	
 9.9991e+01	
 9.9984e+01	
 9.9981e+01	
 9.9965e+01	
 9.9972e+01	
 9.9991e+01	
 9.9991e+01	
 9.9987e+01	
 9.9984e+01	
 9.9984e+01	
 9.9991e+01	
 9.9984e+01	
 9.9978e+01	
 9.9987e+01	
 9.9987e+01	
 9.9987e+01	
 9.9984e+01	
 9.9984e+01	
 9.9987e+01	
 9.9987e+01	
 9.9984e+01	
 9.9987e+01	
 9.9991e+01	
 9.9987e+01	
 9.9991e+01	
 9.9984e+01	
 9.9984e+01	
 9.9987e+01	
 9.9987e+01	
 9.9991e+01	
 9.9991e+01	
 9.9987e+01	
 9.9987e+01	
 9.9991e+01	
 9.9987e+01	
 9.9987e+01	
 9.9991e+01	
 9.9991e+01	
 9.9984e+01	
 9.9997e+01	
 9.9994e+01	
 9.9991e+01	
 9.9991e+01	
 9.9987e+01	
 9.9984e+01	
 9.9997e+01	
 9.9991e+01	
 9.9991e+01	
 9.9987e+01	
 9.9984e+01	
 9.9991e+01	
 9.9994e+01	
 9.9994e+01	
 9.9991e+01	
 9.9994e+01	
 9.9997e+01	
 9.9991e+01	
 9.9994e+01	
 9.9997e+01	
 9.9991e+01	
 9.9994e+01	
 9.9994e+01	
 9.9994e+01	
 9.9994e+01	
 9.9994e+01	
 9.9994e+01	
 9.9991e+01	
 9.9994e+01	
 9.9997e+01	
 9.9994e+01	
 9.9994e+01	
 9.9991e+01	
 9.9994e+01	
 9.9994e+01	
 9.9987e+01	
 9.9991e+01	
 9.9994e+01	
 9.9991e+01	
 9.9997e+01	
 9.9994e+01	
 9.9997e+01	
 9.9997e+01	
 9.9994e+01	
 9.9994e+01	
 9.9994e+01	
 9.9994e+01	
 9.9997e+01	
 9.9994e+01	
 9.9997e+01	
 9.9997e+01	
 9.9994e+01	
 9.9997e+01	
 9.9997e+01	
 9.9997e+01	
 9.9994e+01	
 9.9994e+01	
 9.9994e+01	
 9.9997e+01	
 9.9997e+01	
 9.9997e+01	
 9.9997e+01	
 9.9997e+01	
 9.9997e+01	
 9.9997e+01	
 9.9994e+01	
 9.9997e+01	
