% mean class accuracy (train set)	
 5.2850e+00	
 5.8300e+00	
 6.4483e+00	
 7.1333e+00	
 7.9617e+00	
 8.8350e+00	
 9.7417e+00	
 1.0855e+01	
 1.1997e+01	
 1.3232e+01	
 1.4642e+01	
 1.6125e+01	
 1.7837e+01	
 1.9673e+01	
 2.1555e+01	
 2.3513e+01	
 2.5500e+01	
 2.7478e+01	
 2.9542e+01	
 3.1485e+01	
 3.3530e+01	
 3.5337e+01	
 3.7223e+01	
 3.9043e+01	
 4.0827e+01	
 4.2575e+01	
 4.4133e+01	
 4.5762e+01	
 4.7365e+01	
 4.8843e+01	
 5.0257e+01	
 5.1452e+01	
 5.2575e+01	
 5.3648e+01	
 5.4630e+01	
 5.5562e+01	
 5.6418e+01	
 5.7195e+01	
 5.7992e+01	
 5.8660e+01	
 5.9243e+01	
 5.9883e+01	
 6.0473e+01	
 6.0983e+01	
 6.1437e+01	
 6.1910e+01	
 6.2382e+01	
 6.2772e+01	
 6.3147e+01	
 6.3502e+01	
 6.3883e+01	
 6.4203e+01	
 6.4553e+01	
 6.4895e+01	
 6.5198e+01	
 6.5458e+01	
 6.5743e+01	
 6.6040e+01	
 6.6242e+01	
 6.6547e+01	
 6.6817e+01	
 6.7040e+01	
 6.7275e+01	
 6.7478e+01	
 6.7668e+01	
 6.7898e+01	
 6.8080e+01	
 6.8268e+01	
 6.8438e+01	
 6.8642e+01	
 6.8825e+01	
 6.9032e+01	
 6.9197e+01	
 6.9387e+01	
 6.9572e+01	
 6.9700e+01	
 6.9862e+01	
 7.0012e+01	
 7.0095e+01	
 7.0258e+01	
 7.0407e+01	
 7.0552e+01	
 7.0682e+01	
 7.0800e+01	
 7.0955e+01	
 7.1065e+01	
 7.1175e+01	
 7.1317e+01	
 7.1452e+01	
 7.1607e+01	
 7.1732e+01	
 7.1905e+01	
 7.2028e+01	
 7.2208e+01	
 7.2358e+01	
 7.2498e+01	
 7.2640e+01	
 7.2793e+01	
 7.3003e+01	
 7.3152e+01	
 7.3348e+01	
 7.3528e+01	
 7.3702e+01	
 7.3878e+01	
 7.4045e+01	
 7.4158e+01	
 7.4370e+01	
 7.4513e+01	
 7.4735e+01	
 7.4915e+01	
 7.5142e+01	
 7.5315e+01	
 7.5493e+01	
 7.5745e+01	
 7.5895e+01	
 7.6085e+01	
 7.6267e+01	
 7.6468e+01	
 7.6643e+01	
 7.6825e+01	
 7.7002e+01	
 7.7210e+01	
 7.7402e+01	
 7.7547e+01	
 7.7678e+01	
 7.7883e+01	
 7.8033e+01	
 7.8147e+01	
 7.8305e+01	
 7.8428e+01	
 7.8580e+01	
 7.8697e+01	
 7.8837e+01	
 7.9005e+01	
 7.9143e+01	
 7.9277e+01	
 7.9403e+01	
 7.9510e+01	
 7.9640e+01	
 7.9770e+01	
 7.9872e+01	
 7.9993e+01	
 8.0078e+01	
 8.0208e+01	
 8.0285e+01	
 8.0402e+01	
 8.0493e+01	
 8.0590e+01	
 8.0697e+01	
 8.0802e+01	
 8.0903e+01	
 8.0973e+01	
 8.1068e+01	
 8.1160e+01	
 8.1277e+01	
 8.1342e+01	
 8.1405e+01	
 8.1503e+01	
 8.1573e+01	
 8.1663e+01	
 8.1750e+01	
 8.1823e+01	
 8.1928e+01	
 8.2002e+01	
 8.2095e+01	
 8.2173e+01	
 8.2253e+01	
 8.2315e+01	
 8.2388e+01	
 8.2465e+01	
 8.2555e+01	
 8.2600e+01	
 8.2680e+01	
 8.2760e+01	
 8.2828e+01	
 8.2895e+01	
 8.2967e+01	
 8.3033e+01	
 8.3092e+01	
 8.3157e+01	
 8.3208e+01	
 8.3288e+01	
 8.3347e+01	
 8.3407e+01	
 8.3472e+01	
 8.3530e+01	
 8.3588e+01	
 8.3657e+01	
 8.3695e+01	
 8.3740e+01	
 8.3808e+01	
 8.3878e+01	
 8.3963e+01	
 8.4037e+01	
 8.4100e+01	
 8.4155e+01	
 8.4242e+01	
 8.4293e+01	
 8.4347e+01	
 8.4410e+01	
 8.4467e+01	
 8.4528e+01	
 8.4558e+01	
 8.4613e+01	
 8.4670e+01	
 8.4708e+01	
 8.4755e+01	
 8.4805e+01	
 8.4853e+01	
 8.4897e+01	
 8.4952e+01	
 8.5007e+01	
 8.5035e+01	
 8.5083e+01	
 8.5145e+01	
 8.5198e+01	
 8.5228e+01	
 8.5293e+01	
 8.5330e+01	
 8.5372e+01	
 8.5415e+01	
 8.5463e+01	
 8.5503e+01	
 8.5567e+01	
 8.5602e+01	
 8.5645e+01	
 8.5672e+01	
 8.5725e+01	
 8.5743e+01	
 8.5787e+01	
 8.5842e+01	
 8.5875e+01	
 8.5905e+01	
 8.5942e+01	
 8.5978e+01	
 8.5997e+01	
 8.6040e+01	
 8.6082e+01	
 8.6140e+01	
 8.6165e+01	
 8.6222e+01	
 8.6248e+01	
 8.6308e+01	
 8.6342e+01	
 8.6377e+01	
 8.6423e+01	
 8.6455e+01	
 8.6487e+01	
 8.6535e+01	
 8.6563e+01	
 8.6578e+01	
 8.6605e+01	
 8.6652e+01	
 8.6682e+01	
 8.6717e+01	
 8.6740e+01	
 8.6758e+01	
 8.6797e+01	
 8.6825e+01	
 8.6842e+01	
 8.6870e+01	
 8.6892e+01	
 8.6925e+01	
 8.6962e+01	
 8.6985e+01	
 8.7013e+01	
 8.7043e+01	
 8.7067e+01	
 8.7087e+01	
 8.7103e+01	
 8.7137e+01	
 8.7152e+01	
 8.7192e+01	
 8.7217e+01	
 8.7242e+01	
 8.7252e+01	
 8.7277e+01	
 8.7302e+01	
 8.7313e+01	
 8.7337e+01	
 8.7362e+01	
 8.7383e+01	
 8.7408e+01	
 8.7422e+01	
 8.7447e+01	
 8.7463e+01	
 8.7492e+01	
 8.7508e+01	
 8.7527e+01	
 8.7550e+01	
 8.7573e+01	
 8.7610e+01	
 8.7622e+01	
 8.7638e+01	
 8.7647e+01	
 8.7668e+01	
 8.7683e+01	
 8.7722e+01	
 8.7717e+01	
 8.7740e+01	
 8.7745e+01	
 8.7780e+01	
 8.7797e+01	
 8.7838e+01	
 8.7837e+01	
 8.7870e+01	
 8.7882e+01	
 8.7920e+01	
 8.7922e+01	
 8.7952e+01	
 8.7977e+01	
 8.7978e+01	
 8.8013e+01	
 8.8037e+01	
 8.8062e+01	
 8.8080e+01	
 8.8087e+01	
 8.8105e+01	
 8.8122e+01	
