% mean class accuracy (train set)	
 2.1292e+01	
 2.2243e+01	
 2.3192e+01	
 2.4110e+01	
 2.5052e+01	
 2.5993e+01	
 2.6863e+01	
 2.7782e+01	
 2.8725e+01	
 2.9722e+01	
 3.0745e+01	
 3.1798e+01	
 3.2912e+01	
 3.3973e+01	
 3.5042e+01	
 3.6135e+01	
 3.7210e+01	
 3.8293e+01	
 3.9325e+01	
 4.0333e+01	
 4.1428e+01	
 4.2518e+01	
 4.3617e+01	
 4.4663e+01	
 4.5680e+01	
 4.6757e+01	
 4.7868e+01	
 4.8855e+01	
 4.9718e+01	
 5.0662e+01	
 5.1557e+01	
 5.2432e+01	
 5.3238e+01	
 5.4090e+01	
 5.4903e+01	
 5.5680e+01	
 5.6460e+01	
 5.7133e+01	
 5.7760e+01	
 5.8427e+01	
 5.9060e+01	
 5.9695e+01	
 6.0227e+01	
 6.0780e+01	
 6.1325e+01	
 6.1770e+01	
 6.2188e+01	
 6.2670e+01	
 6.3130e+01	
 6.3515e+01	
 6.3890e+01	
 6.4282e+01	
 6.4602e+01	
 6.4973e+01	
 6.5320e+01	
 6.5660e+01	
 6.5983e+01	
 6.6290e+01	
 6.6557e+01	
 6.6843e+01	
 6.7120e+01	
 6.7388e+01	
 6.7680e+01	
 6.7928e+01	
 6.8198e+01	
 6.8447e+01	
 6.8695e+01	
 6.8947e+01	
 6.9163e+01	
 6.9387e+01	
 6.9618e+01	
 6.9820e+01	
 7.0003e+01	
 7.0208e+01	
 7.0373e+01	
 7.0542e+01	
 7.0732e+01	
 7.0887e+01	
 7.1055e+01	
 7.1238e+01	
 7.1417e+01	
 7.1562e+01	
 7.1708e+01	
 7.1880e+01	
 7.2010e+01	
 7.2127e+01	
 7.2265e+01	
 7.2417e+01	
 7.2565e+01	
 7.2720e+01	
 7.2882e+01	
 7.3015e+01	
 7.3127e+01	
 7.3240e+01	
 7.3352e+01	
 7.3487e+01	
 7.3628e+01	
 7.3715e+01	
 7.3845e+01	
 7.3960e+01	
 7.4072e+01	
 7.4188e+01	
 7.4275e+01	
 7.4378e+01	
 7.4472e+01	
 7.4567e+01	
 7.4690e+01	
 7.4788e+01	
 7.4892e+01	
 7.4977e+01	
 7.5098e+01	
 7.5190e+01	
 7.5297e+01	
 7.5378e+01	
 7.5472e+01	
 7.5563e+01	
 7.5648e+01	
 7.5733e+01	
 7.5800e+01	
 7.5882e+01	
 7.5958e+01	
 7.6050e+01	
 7.6140e+01	
 7.6237e+01	
 7.6302e+01	
 7.6372e+01	
 7.6463e+01	
 7.6532e+01	
 7.6623e+01	
 7.6692e+01	
 7.6747e+01	
 7.6812e+01	
 7.6872e+01	
 7.6925e+01	
 7.6997e+01	
 7.7050e+01	
 7.7127e+01	
 7.7215e+01	
 7.7277e+01	
 7.7342e+01	
 7.7420e+01	
 7.7497e+01	
 7.7557e+01	
 7.7627e+01	
 7.7690e+01	
 7.7760e+01	
 7.7830e+01	
 7.7903e+01	
 7.7953e+01	
 7.8030e+01	
 7.8073e+01	
 7.8147e+01	
 7.8210e+01	
 7.8268e+01	
 7.8303e+01	
 7.8365e+01	
 7.8428e+01	
 7.8480e+01	
 7.8527e+01	
 7.8575e+01	
 7.8628e+01	
 7.8677e+01	
 7.8742e+01	
 7.8792e+01	
 7.8838e+01	
 7.8880e+01	
 7.8933e+01	
 7.8983e+01	
 7.9035e+01	
 7.9060e+01	
 7.9118e+01	
 7.9180e+01	
 7.9252e+01	
 7.9292e+01	
 7.9342e+01	
 7.9400e+01	
 7.9450e+01	
 7.9492e+01	
 7.9552e+01	
 7.9607e+01	
 7.9655e+01	
 7.9693e+01	
 7.9743e+01	
 7.9785e+01	
 7.9838e+01	
 7.9878e+01	
 7.9915e+01	
 7.9950e+01	
 7.9997e+01	
 8.0047e+01	
 8.0067e+01	
 8.0097e+01	
 8.0138e+01	
 8.0165e+01	
 8.0195e+01	
 8.0232e+01	
 8.0263e+01	
 8.0295e+01	
 8.0353e+01	
 8.0400e+01	
 8.0430e+01	
 8.0488e+01	
 8.0528e+01	
 8.0557e+01	
 8.0610e+01	
 8.0652e+01	
 8.0692e+01	
 8.0722e+01	
 8.0758e+01	
 8.0785e+01	
 8.0822e+01	
 8.0848e+01	
 8.0873e+01	
 8.0898e+01	
 8.0932e+01	
 8.0968e+01	
 8.1008e+01	
 8.1038e+01	
 8.1068e+01	
 8.1108e+01	
 8.1145e+01	
 8.1173e+01	
 8.1205e+01	
 8.1250e+01	
 8.1277e+01	
 8.1315e+01	
 8.1348e+01	
 8.1400e+01	
 8.1433e+01	
 8.1458e+01	
 8.1493e+01	
 8.1523e+01	
 8.1537e+01	
 8.1567e+01	
 8.1603e+01	
 8.1637e+01	
 8.1668e+01	
 8.1697e+01	
 8.1720e+01	
 8.1755e+01	
 8.1792e+01	
 8.1810e+01	
 8.1835e+01	
 8.1863e+01	
 8.1890e+01	
 8.1910e+01	
 8.1937e+01	
 8.1965e+01	
 8.1982e+01	
 8.2008e+01	
 8.2038e+01	
 8.2053e+01	
 8.2082e+01	
 8.2110e+01	
 8.2132e+01	
 8.2152e+01	
 8.2167e+01	
 8.2177e+01	
 8.2192e+01	
 8.2203e+01	
 8.2228e+01	
 8.2245e+01	
 8.2258e+01	
 8.2277e+01	
 8.2295e+01	
 8.2310e+01	
 8.2342e+01	
 8.2357e+01	
 8.2368e+01	
 8.2392e+01	
 8.2418e+01	
 8.2428e+01	
 8.2442e+01	
 8.2475e+01	
 8.2493e+01	
 8.2520e+01	
 8.2543e+01	
 8.2573e+01	
 8.2592e+01	
 8.2608e+01	
 8.2625e+01	
 8.2640e+01	
 8.2655e+01	
 8.2675e+01	
 8.2678e+01	
 8.2697e+01	
 8.2738e+01	
 8.2755e+01	
 8.2778e+01	
 8.2792e+01	
 8.2815e+01	
 8.2840e+01	
 8.2852e+01	
 8.2867e+01	
 8.2880e+01	
 8.2897e+01	
 8.2912e+01	
 8.2927e+01	
 8.2942e+01	
 8.2955e+01	
 8.2972e+01	
 8.2988e+01	
 8.3000e+01	
 8.3012e+01	
 8.3030e+01	
 8.3037e+01	
 8.3060e+01	
 8.3082e+01	
 8.3102e+01	
 8.3113e+01	
 8.3128e+01	
 8.3147e+01	
 8.3157e+01	
 8.3177e+01	
 8.3195e+01	
 8.3205e+01	
 8.3215e+01	
 8.3227e+01	
 8.3250e+01	
 8.3263e+01	
 8.3290e+01	
 8.3305e+01	
 8.3315e+01	
 8.3330e+01	
 8.3347e+01	
 8.3357e+01	
 8.3373e+01	
 8.3385e+01	
 8.3410e+01	
 8.3428e+01	
 8.3437e+01	
 8.3447e+01	
 8.3470e+01	
 8.3495e+01	
 8.3503e+01	
 8.3518e+01	
 8.3525e+01	
 8.3533e+01	
 8.3542e+01	
 8.3563e+01	
 8.3578e+01	
 8.3592e+01	
 8.3602e+01	
 8.3612e+01	
 8.3630e+01	
 8.3653e+01	
 8.3670e+01	
 8.3687e+01	
 8.3695e+01	
 8.3710e+01	
 8.3722e+01	
 8.3733e+01	
 8.3747e+01	
 8.3767e+01	
 8.3773e+01	
 8.3792e+01	
 8.3795e+01	
 8.3807e+01	
 8.3815e+01	
 8.3825e+01	
 8.3830e+01	
 8.3843e+01	
 8.3850e+01	
 8.3863e+01	
 8.3878e+01	
 8.3895e+01	
 8.3922e+01	
 8.3935e+01	
 8.3950e+01	
 8.3967e+01	
 8.3982e+01	
 8.3990e+01	
 8.4012e+01	
 8.4017e+01	
 8.4030e+01	
 8.4040e+01	
 8.4053e+01	
 8.4075e+01	
 8.4085e+01	
 8.4092e+01	
 8.4103e+01	
 8.4115e+01	
 8.4128e+01	
 8.4132e+01	
 8.4143e+01	
 8.4147e+01	
 8.4155e+01	
 8.4172e+01	
 8.4188e+01	
 8.4202e+01	
 8.4213e+01	
 8.4230e+01	
 8.4238e+01	
 8.4260e+01	
 8.4275e+01	
 8.4295e+01	
 8.4317e+01	
 8.4327e+01	
 8.4337e+01	
 8.4343e+01	
 8.4357e+01	
 8.4370e+01	
 8.4378e+01	
 8.4393e+01	
 8.4408e+01	
 8.4412e+01	
 8.4425e+01	
 8.4433e+01	
 8.4442e+01	
 8.4453e+01	
 8.4467e+01	
 8.4477e+01	
 8.4480e+01	
 8.4487e+01	
 8.4498e+01	
 8.4510e+01	
 8.4515e+01	
 8.4522e+01	
 8.4537e+01	
 8.4547e+01	
 8.4560e+01	
 8.4577e+01	
 8.4595e+01	
 8.4600e+01	
 8.4610e+01	
 8.4630e+01	
 8.4637e+01	
 8.4645e+01	
 8.4652e+01	
 8.4668e+01	
 8.4680e+01	
 8.4695e+01	
 8.4705e+01	
 8.4717e+01	
 8.4723e+01	
 8.4728e+01	
 8.4737e+01	
 8.4745e+01	
 8.4753e+01	
 8.4762e+01	
 8.4770e+01	
 8.4780e+01	
 8.4795e+01	
 8.4807e+01	
 8.4808e+01	
 8.4812e+01	
 8.4823e+01	
 8.4832e+01	
 8.4840e+01	
 8.4847e+01	
 8.4853e+01	
 8.4863e+01	
 8.4878e+01	
 8.4892e+01	
 8.4902e+01	
 8.4913e+01	
 8.4917e+01	
 8.4925e+01	
 8.4933e+01	
 8.4940e+01	
 8.4940e+01	
 8.4953e+01	
 8.4962e+01	
 8.4975e+01	
 8.4990e+01	
 8.5000e+01	
 8.5008e+01	
 8.5020e+01	
 8.5035e+01	
 8.5040e+01	
 8.5055e+01	
 8.5062e+01	
 8.5067e+01	
 8.5072e+01	
 8.5085e+01	
 8.5087e+01	
 8.5100e+01	
 8.5113e+01	
 8.5130e+01	
 8.5143e+01	
 8.5153e+01	
 8.5162e+01	
 8.5170e+01	
 8.5178e+01	
 8.5190e+01	
 8.5203e+01	
 8.5212e+01	
 8.5222e+01	
 8.5232e+01	
 8.5237e+01	
 8.5242e+01	
 8.5247e+01	
 8.5255e+01	
 8.5267e+01	
 8.5272e+01	
 8.5275e+01	
 8.5283e+01	
 8.5293e+01	
 8.5307e+01	
 8.5315e+01	
 8.5318e+01	
 8.5323e+01	
 8.5330e+01	
 8.5337e+01	
 8.5342e+01	
 8.5345e+01	
 8.5350e+01	
 8.5355e+01	
 8.5360e+01	
 8.5370e+01	
 8.5380e+01	
 8.5383e+01	
 8.5388e+01	
 8.5395e+01	
 8.5400e+01	
 8.5410e+01	
 8.5418e+01	
 8.5428e+01	
 8.5433e+01	
 8.5445e+01	
 8.5457e+01	
 8.5465e+01	
 8.5465e+01	
 8.5470e+01	
 8.5475e+01	
 8.5488e+01	
 8.5492e+01	
 8.5497e+01	
 8.5503e+01	
 8.5508e+01	
 8.5508e+01	
 8.5518e+01	
 8.5520e+01	
 8.5532e+01	
 8.5532e+01	
 8.5538e+01	
 8.5538e+01	
 8.5542e+01	
 8.5557e+01	
 8.5567e+01	
 8.5575e+01	
 8.5582e+01	
 8.5582e+01	
 8.5593e+01	
 8.5602e+01	
 8.5605e+01	
 8.5607e+01	
 8.5608e+01	
 8.5613e+01	
 8.5625e+01	
 8.5633e+01	
 8.5638e+01	
 8.5647e+01	
 8.5658e+01	
 8.5665e+01	
 8.5667e+01	
 8.5670e+01	
 8.5675e+01	
 8.5685e+01	
 8.5685e+01	
 8.5690e+01	
 8.5698e+01	
 8.5705e+01	
 8.5713e+01	
 8.5722e+01	
 8.5722e+01	
 8.5727e+01	
 8.5732e+01	
 8.5732e+01	
 8.5738e+01	
 8.5742e+01	
 8.5755e+01	
 8.5763e+01	
 8.5767e+01	
 8.5768e+01	
 8.5778e+01	
 8.5783e+01	
 8.5790e+01	
 8.5802e+01	
 8.5807e+01	
 8.5810e+01	
 8.5822e+01	
 8.5827e+01	
 8.5830e+01	
 8.5833e+01	
 8.5833e+01	
 8.5838e+01	
 8.5842e+01	
 8.5857e+01	
 8.5860e+01	
 8.5867e+01	
 8.5865e+01	
 8.5877e+01	
 8.5885e+01	
 8.5888e+01	
 8.5895e+01	
 8.5900e+01	
 8.5910e+01	
 8.5915e+01	
 8.5930e+01	
 8.5933e+01	
 8.5940e+01	
 8.5953e+01	
 8.5955e+01	
 8.5958e+01	
 8.5962e+01	
 8.5965e+01	
 8.5967e+01	
 8.5968e+01	
 8.5973e+01	
 8.5982e+01	
 8.5982e+01	
 8.5983e+01	
 8.5987e+01	
 8.5995e+01	
 8.6002e+01	
 8.6010e+01	
 8.6013e+01	
 8.6020e+01	
 8.6022e+01	
 8.6028e+01	
 8.6035e+01	
 8.6045e+01	
 8.6047e+01	
 8.6055e+01	
 8.6068e+01	
 8.6078e+01	
 8.6085e+01	
 8.6085e+01	
 8.6097e+01	
 8.6102e+01	
 8.6110e+01	
 8.6112e+01	
 8.6115e+01	
 8.6120e+01	
 8.6128e+01	
 8.6133e+01	
 8.6133e+01	
 8.6138e+01	
 8.6137e+01	
 8.6147e+01	
 8.6153e+01	
 8.6157e+01	
 8.6163e+01	
 8.6173e+01	
 8.6177e+01	
 8.6185e+01	
 8.6190e+01	
 8.6197e+01	
 8.6202e+01	
 8.6205e+01	
 8.6207e+01	
 8.6210e+01	
 8.6208e+01	
 8.6218e+01	
 8.6215e+01	
 8.6212e+01	
 8.6217e+01	
 8.6220e+01	
 8.6223e+01	
 8.6232e+01	
 8.6238e+01	
 8.6248e+01	
 8.6253e+01	
 8.6258e+01	
 8.6260e+01	
 8.6265e+01	
 8.6270e+01	
 8.6277e+01	
 8.6282e+01	
 8.6285e+01	
 8.6290e+01	
 8.6295e+01	
 8.6305e+01	
 8.6310e+01	
 8.6318e+01	
 8.6323e+01	
 8.6325e+01	
 8.6330e+01	
 8.6333e+01	
 8.6342e+01	
 8.6348e+01	
 8.6350e+01	
 8.6352e+01	
 8.6357e+01	
 8.6355e+01	
 8.6360e+01	
 8.6365e+01	
 8.6367e+01	
 8.6370e+01	
 8.6375e+01	
 8.6378e+01	
 8.6385e+01	
 8.6392e+01	
 8.6393e+01	
 8.6400e+01	
 8.6402e+01	
 8.6402e+01	
 8.6403e+01	
 8.6408e+01	
 8.6413e+01	
 8.6418e+01	
 8.6423e+01	
 8.6427e+01	
 8.6427e+01	
 8.6435e+01	
 8.6438e+01	
 8.6438e+01	
 8.6442e+01	
 8.6452e+01	
 8.6455e+01	
 8.6458e+01	
 8.6463e+01	
 8.6467e+01	
 8.6477e+01	
 8.6482e+01	
 8.6485e+01	
 8.6483e+01	
 8.6488e+01	
 8.6498e+01	
 8.6503e+01	
 8.6510e+01	
 8.6505e+01	
 8.6515e+01	
 8.6517e+01	
 8.6518e+01	
 8.6523e+01	
 8.6527e+01	
 8.6527e+01	
 8.6528e+01	
 8.6532e+01	
 8.6532e+01	
 8.6535e+01	
 8.6535e+01	
 8.6535e+01	
 8.6537e+01	
 8.6540e+01	
 8.6543e+01	
 8.6550e+01	
 8.6550e+01	
 8.6552e+01	
 8.6557e+01	
 8.6558e+01	
 8.6568e+01	
 8.6568e+01	
 8.6580e+01	
 8.6585e+01	
 8.6590e+01	
 8.6592e+01	
 8.6593e+01	
 8.6597e+01	
 8.6600e+01	
 8.6605e+01	
 8.6608e+01	
 8.6612e+01	
 8.6617e+01	
 8.6622e+01	
 8.6627e+01	
 8.6627e+01	
 8.6630e+01	
 8.6635e+01	
 8.6645e+01	
 8.6653e+01	
 8.6655e+01	
 8.6663e+01	
 8.6660e+01	
 8.6662e+01	
 8.6663e+01	
 8.6672e+01	
 8.6682e+01	
 8.6682e+01	
 8.6687e+01	
 8.6697e+01	
 8.6700e+01	
 8.6707e+01	
 8.6710e+01	
 8.6713e+01	
 8.6715e+01	
 8.6715e+01	
 8.6717e+01	
 8.6722e+01	
 8.6727e+01	
 8.6733e+01	
 8.6742e+01	
 8.6745e+01	
 8.6748e+01	
 8.6748e+01	
 8.6752e+01	
 8.6753e+01	
 8.6758e+01	
 8.6762e+01	
 8.6762e+01	
 8.6763e+01	
 8.6767e+01	
 8.6772e+01	
 8.6772e+01	
 8.6773e+01	
 8.6775e+01	
 8.6777e+01	
 8.6780e+01	
 8.6788e+01	
 8.6800e+01	
 8.6803e+01	
 8.6808e+01	
 8.6813e+01	
 8.6815e+01	
 8.6817e+01	
 8.6822e+01	
 8.6822e+01	
 8.6830e+01	
 8.6833e+01	
 8.6835e+01	
 8.6842e+01	
 8.6840e+01	
 8.6843e+01	
 8.6847e+01	
 8.6853e+01	
 8.6853e+01	
 8.6857e+01	
 8.6860e+01	
 8.6858e+01	
 8.6865e+01	
 8.6868e+01	
 8.6868e+01	
 8.6873e+01	
 8.6878e+01	
 8.6883e+01	
 8.6888e+01	
 8.6890e+01	
 8.6892e+01	
 8.6892e+01	
 8.6890e+01	
 8.6888e+01	
 8.6892e+01	
 8.6895e+01	
 8.6898e+01	
 8.6902e+01	
 8.6907e+01	
 8.6908e+01	
 8.6913e+01	
 8.6915e+01	
 8.6918e+01	
 8.6922e+01	
 8.6928e+01	
 8.6932e+01	
 8.6935e+01	
 8.6935e+01	
 8.6937e+01	
 8.6942e+01	
 8.6945e+01	
 8.6948e+01	
 8.6950e+01	
 8.6952e+01	
 8.6962e+01	
 8.6962e+01	
 8.6970e+01	
 8.6973e+01	
 8.6980e+01	
 8.6982e+01	
 8.6982e+01	
 8.6983e+01	
 8.6980e+01	
 8.6985e+01	
 8.6992e+01	
 8.6995e+01	
 8.6998e+01	
 8.7002e+01	
 8.7003e+01	
 8.7005e+01	
 8.7008e+01	
 8.7012e+01	
 8.7017e+01	
 8.7018e+01	
 8.7028e+01	
 8.7037e+01	
 8.7040e+01	
 8.7045e+01	
 8.7047e+01	
 8.7052e+01	
 8.7053e+01	
 8.7057e+01	
 8.7055e+01	
 8.7062e+01	
 8.7062e+01	
 8.7062e+01	
 8.7067e+01	
 8.7072e+01	
 8.7075e+01	
 8.7080e+01	
 8.7083e+01	
 8.7085e+01	
 8.7087e+01	
 8.7090e+01	
 8.7088e+01	
 8.7095e+01	
 8.7097e+01	
 8.7100e+01	
 8.7100e+01	
 8.7107e+01	
 8.7112e+01	
 8.7113e+01	
 8.7117e+01	
 8.7117e+01	
 8.7117e+01	
 8.7117e+01	
 8.7120e+01	
 8.7123e+01	
 8.7130e+01	
 8.7130e+01	
 8.7132e+01	
 8.7132e+01	
 8.7135e+01	
 8.7137e+01	
 8.7140e+01	
 8.7148e+01	
 8.7152e+01	
 8.7152e+01	
 8.7153e+01	
 8.7155e+01	
 8.7155e+01	
 8.7157e+01	
 8.7157e+01	
 8.7160e+01	
 8.7163e+01	
 8.7163e+01	
 8.7168e+01	
 8.7172e+01	
 8.7173e+01	
 8.7177e+01	
 8.7178e+01	
 8.7183e+01	
 8.7187e+01	
 8.7183e+01	
 8.7187e+01	
 8.7188e+01	
 8.7195e+01	
 8.7197e+01	
 8.7200e+01	
 8.7205e+01	
 8.7205e+01	
 8.7205e+01	
 8.7210e+01	
 8.7213e+01	
 8.7212e+01	
 8.7217e+01	
 8.7222e+01	
 8.7225e+01	
 8.7228e+01	
 8.7238e+01	
 8.7238e+01	
 8.7240e+01	
 8.7245e+01	
 8.7252e+01	
 8.7252e+01	
 8.7253e+01	
 8.7255e+01	
 8.7255e+01	
 8.7260e+01	
 8.7262e+01	
 8.7265e+01	
 8.7270e+01	
 8.7273e+01	
 8.7275e+01	
 8.7280e+01	
 8.7278e+01	
 8.7285e+01	
 8.7288e+01	
 8.7298e+01	
 8.7298e+01	
 8.7302e+01	
 8.7303e+01	
 8.7302e+01	
 8.7305e+01	
 8.7305e+01	
 8.7308e+01	
 8.7312e+01	
 8.7317e+01	
 8.7322e+01	
 8.7323e+01	
 8.7325e+01	
 8.7327e+01	
 8.7328e+01	
 8.7328e+01	
 8.7328e+01	
 8.7328e+01	
 8.7333e+01	
 8.7337e+01	
 8.7338e+01	
 8.7338e+01	
 8.7340e+01	
 8.7345e+01	
 8.7343e+01	
 8.7345e+01	
 8.7353e+01	
 8.7355e+01	
 8.7355e+01	
 8.7358e+01	
 8.7362e+01	
 8.7365e+01	
 8.7363e+01	
 8.7368e+01	
 8.7370e+01	
 8.7368e+01	
 8.7370e+01	
 8.7377e+01	
 8.7377e+01	
 8.7380e+01	
 8.7382e+01	
 8.7385e+01	
 8.7392e+01	
 8.7393e+01	
 8.7393e+01	
 8.7398e+01	
 8.7400e+01	
 8.7403e+01	
 8.7407e+01	
 8.7407e+01	
 8.7410e+01	
 8.7417e+01	
 8.7420e+01	
 8.7425e+01	
 8.7423e+01	
 8.7427e+01	
 8.7427e+01	
 8.7430e+01	
 8.7435e+01	
 8.7435e+01	
 8.7437e+01	
 8.7438e+01	
 8.7440e+01	
 8.7440e+01	
 8.7442e+01	
 8.7452e+01	
 8.7457e+01	
 8.7462e+01	
 8.7462e+01	
 8.7463e+01	
 8.7463e+01	
 8.7465e+01	
 8.7465e+01	
 8.7467e+01	
 8.7472e+01	
 8.7477e+01	
 8.7477e+01	
 8.7480e+01	
 8.7478e+01	
 8.7482e+01	
 8.7485e+01	
 8.7490e+01	
 8.7490e+01	
 8.7498e+01	
 8.7495e+01	
 8.7497e+01	
 8.7497e+01	
 8.7500e+01	
 8.7497e+01	
 8.7497e+01	
 8.7500e+01	
 8.7500e+01	
 8.7507e+01	
 8.7507e+01	
 8.7512e+01	
 8.7513e+01	
 8.7522e+01	
 8.7522e+01	
 8.7527e+01	
 8.7527e+01	
 8.7527e+01	
 8.7530e+01	
 8.7533e+01	
 8.7535e+01	
 8.7535e+01	
 8.7538e+01	
 8.7542e+01	
 8.7545e+01	
 8.7548e+01	
 8.7547e+01	
 8.7550e+01	
 8.7550e+01	
 8.7555e+01	
 8.7558e+01	
 8.7558e+01	
 8.7560e+01	
 8.7560e+01	
 8.7560e+01	
 8.7562e+01	
 8.7570e+01	
 8.7577e+01	
 8.7577e+01	
 8.7578e+01	
 8.7582e+01	
 8.7585e+01	
 8.7585e+01	
 8.7585e+01	
 8.7587e+01	
 8.7590e+01	
 8.7590e+01	
 8.7592e+01	
 8.7590e+01	
 8.7590e+01	
 8.7595e+01	
 8.7595e+01	
 8.7598e+01	
 8.7603e+01	
 8.7605e+01	
 8.7612e+01	
 8.7610e+01	
 8.7612e+01	
 8.7615e+01	
 8.7617e+01	
 8.7617e+01	
 8.7622e+01	
 8.7625e+01	
 8.7627e+01	
 8.7627e+01	
 8.7628e+01	
 8.7630e+01	
 8.7630e+01	
 8.7633e+01	
 8.7640e+01	
 8.7645e+01	
 8.7652e+01	
 8.7652e+01	
 8.7658e+01	
 8.7657e+01	
 8.7663e+01	
 8.7667e+01	
 8.7672e+01	
 8.7675e+01	
 8.7678e+01	
 8.7682e+01	
 8.7680e+01	
 8.7680e+01	
 8.7682e+01	
 8.7687e+01	
 8.7690e+01	
 8.7695e+01	
 8.7700e+01	
 8.7700e+01	
 8.7702e+01	
 8.7700e+01	
 8.7702e+01	
 8.7703e+01	
 8.7712e+01	
 8.7712e+01	
 8.7717e+01	
 8.7717e+01	
 8.7720e+01	
 8.7722e+01	
 8.7725e+01	
 8.7727e+01	
 8.7730e+01	
 8.7730e+01	
 8.7730e+01	
 8.7735e+01	
 8.7737e+01	
 8.7737e+01	
 8.7743e+01	
 8.7745e+01	
 8.7747e+01	
 8.7752e+01	
 8.7753e+01	
 8.7753e+01	
 8.7762e+01	
 8.7760e+01	
 8.7762e+01	
 8.7763e+01	
 8.7767e+01	
 8.7768e+01	
 8.7768e+01	
 8.7770e+01	
 8.7772e+01	
 8.7775e+01	
 8.7773e+01	
 8.7780e+01	
 8.7778e+01	
 8.7780e+01	
 8.7787e+01	
 8.7790e+01	
 8.7793e+01	
 8.7795e+01	
 8.7800e+01	
 8.7803e+01	
 8.7807e+01	
 8.7805e+01	
 8.7808e+01	
 8.7812e+01	
 8.7810e+01	
 8.7817e+01	
 8.7818e+01	
 8.7817e+01	
 8.7815e+01	
 8.7815e+01	
 8.7817e+01	
 8.7818e+01	
 8.7818e+01	
 8.7825e+01	
 8.7827e+01	
 8.7832e+01	
 8.7833e+01	
 8.7835e+01	
 8.7838e+01	
 8.7842e+01	
 8.7845e+01	
 8.7845e+01	
 8.7847e+01	
 8.7850e+01	
 8.7855e+01	
 8.7857e+01	
 8.7858e+01	
 8.7858e+01	
 8.7860e+01	
 8.7862e+01	
 8.7865e+01	
 8.7868e+01	
 8.7870e+01	
 8.7872e+01	
 8.7873e+01	
 8.7877e+01	
 8.7880e+01	
 8.7880e+01	
 8.7882e+01	
 8.7883e+01	
 8.7883e+01	
 8.7885e+01	
 8.7887e+01	
 8.7888e+01	
 8.7888e+01	
 8.7892e+01	
 8.7897e+01	
 8.7900e+01	
 8.7900e+01	
 8.7903e+01	
 8.7905e+01	
 8.7907e+01	
 8.7910e+01	
 8.7910e+01	
 8.7908e+01	
 8.7910e+01	
 8.7908e+01	
 8.7912e+01	
 8.7913e+01	
 8.7913e+01	
 8.7912e+01	
 8.7912e+01	
 8.7912e+01	
 8.7913e+01	
 8.7917e+01	
 8.7917e+01	
 8.7920e+01	
 8.7925e+01	
 8.7925e+01	
 8.7927e+01	
 8.7927e+01	
 8.7928e+01	
 8.7930e+01	
 8.7930e+01	
 8.7930e+01	
 8.7932e+01	
 8.7935e+01	
 8.7940e+01	
 8.7940e+01	
 8.7942e+01	
 8.7942e+01	
 8.7942e+01	
 8.7943e+01	
 8.7947e+01	
 8.7950e+01	
 8.7952e+01	
 8.7953e+01	
 8.7952e+01	
 8.7950e+01	
 8.7950e+01	
 8.7948e+01	
 8.7950e+01	
 8.7953e+01	
 8.7952e+01	
 8.7955e+01	
 8.7957e+01	
 8.7958e+01	
 8.7957e+01	
 8.7962e+01	
 8.7960e+01	
 8.7960e+01	
 8.7960e+01	
 8.7965e+01	
 8.7967e+01	
 8.7967e+01	
 8.7970e+01	
 8.7968e+01	
 8.7968e+01	
 8.7972e+01	
 8.7975e+01	
 8.7977e+01	
 8.7980e+01	
 8.7982e+01	
 8.7982e+01	
 8.7983e+01	
 8.7983e+01	
 8.7988e+01	
 8.7988e+01	
 8.7993e+01	
 8.7998e+01	
 8.8000e+01	
 8.8003e+01	
 8.8003e+01	
 8.8007e+01	
 8.8008e+01	
 8.8008e+01	
 8.8010e+01	
 8.8013e+01	
 8.8015e+01	
 8.8015e+01	
 8.8017e+01	
 8.8017e+01	
 8.8022e+01	
 8.8020e+01	
 8.8020e+01	
 8.8022e+01	
 8.8022e+01	
 8.8023e+01	
 8.8023e+01	
 8.8025e+01	
 8.8025e+01	
 8.8028e+01	
 8.8028e+01	
 8.8033e+01	
 8.8035e+01	
 8.8038e+01	
 8.8038e+01	
 8.8038e+01	
 8.8040e+01	
 8.8040e+01	
 8.8042e+01	
 8.8042e+01	
 8.8043e+01	
 8.8043e+01	
 8.8045e+01	
 8.8047e+01	
 8.8047e+01	
 8.8050e+01	
 8.8052e+01	
 8.8052e+01	
 8.8052e+01	
 8.8053e+01	
 8.8052e+01	
 8.8052e+01	
 8.8055e+01	
 8.8055e+01	
 8.8057e+01	
 8.8057e+01	
 8.8057e+01	
 8.8057e+01	
 8.8057e+01	
 8.8058e+01	
 8.8057e+01	
 8.8060e+01	
 8.8062e+01	
 8.8067e+01	
 8.8070e+01	
 8.8072e+01	
 8.8072e+01	
 8.8072e+01	
 8.8072e+01	
 8.8073e+01	
 8.8077e+01	
 8.8075e+01	
 8.8077e+01	
 8.8078e+01	
 8.8080e+01	
 8.8082e+01	
 8.8085e+01	
 8.8085e+01	
 8.8088e+01	
 8.8088e+01	
 8.8088e+01	
 8.8087e+01	
 8.8088e+01	
 8.8090e+01	
 8.8092e+01	
 8.8093e+01	
 8.8093e+01	
 8.8092e+01	
 8.8092e+01	
 8.8095e+01	
 8.8093e+01	
 8.8095e+01	
 8.8097e+01	
 8.8097e+01	
 8.8098e+01	
 8.8105e+01	
 8.8105e+01	
 8.8107e+01	
 8.8108e+01	
 8.8110e+01	
 8.8108e+01	
 8.8112e+01	
 8.8112e+01	
 8.8115e+01	
 8.8117e+01	
 8.8115e+01	
 8.8115e+01	
 8.8115e+01	
 8.8117e+01	
 8.8117e+01	
 8.8118e+01	
 8.8123e+01	
 8.8120e+01	
 8.8127e+01	
 8.8128e+01	
 8.8133e+01	
 8.8133e+01	
 8.8135e+01	
 8.8137e+01	
 8.8142e+01	
 8.8143e+01	
 8.8147e+01	
 8.8147e+01	
 8.8147e+01	
 8.8147e+01	
 8.8152e+01	
 8.8155e+01	
 8.8158e+01	
 8.8158e+01	
 8.8160e+01	
 8.8160e+01	
 8.8160e+01	
 8.8158e+01	
 8.8158e+01	
 8.8160e+01	
 8.8162e+01	
 8.8162e+01	
 8.8167e+01	
 8.8167e+01	
 8.8168e+01	
 8.8170e+01	
 8.8173e+01	
 8.8173e+01	
 8.8173e+01	
 8.8173e+01	
 8.8173e+01	
 8.8175e+01	
 8.8175e+01	
 8.8178e+01	
 8.8178e+01	
 8.8178e+01	
 8.8178e+01	
 8.8180e+01	
 8.8183e+01	
 8.8188e+01	
 8.8195e+01	
 8.8195e+01	
 8.8198e+01	
 8.8198e+01	
 8.8200e+01	
 8.8205e+01	
 8.8207e+01	
 8.8208e+01	
 8.8210e+01	
 8.8217e+01	
 8.8223e+01	
 8.8225e+01	
 8.8225e+01	
 8.8228e+01	
 8.8230e+01	
 8.8232e+01	
 8.8235e+01	
 8.8237e+01	
 8.8238e+01	
 8.8235e+01	
 8.8238e+01	
 8.8237e+01	
 8.8238e+01	
 8.8240e+01	
 8.8240e+01	
 8.8245e+01	
 8.8248e+01	
 8.8250e+01	
 8.8252e+01	
 8.8253e+01	
 8.8253e+01	
 8.8255e+01	
 8.8257e+01	
 8.8257e+01	
 8.8258e+01	
 8.8262e+01	
 8.8262e+01	
 8.8262e+01	
 8.8263e+01	
 8.8263e+01	
 8.8265e+01	
 8.8263e+01	
 8.8263e+01	
 8.8263e+01	
 8.8265e+01	
 8.8267e+01	
 8.8265e+01	
 8.8265e+01	
 8.8267e+01	
 8.8267e+01	
 8.8268e+01	
 8.8268e+01	
 8.8267e+01	
 8.8268e+01	
 8.8270e+01	
 8.8272e+01	
 8.8272e+01	
 8.8272e+01	
 8.8273e+01	
 8.8277e+01	
 8.8280e+01	
 8.8280e+01	
 8.8282e+01	
 8.8282e+01	
 8.8282e+01	
 8.8285e+01	
 8.8285e+01	
 8.8287e+01	
 8.8288e+01	
 8.8290e+01	
 8.8292e+01	
 8.8293e+01	
 8.8293e+01	
 8.8293e+01	
 8.8292e+01	
 8.8292e+01	
 8.8293e+01	
 8.8295e+01	
 8.8295e+01	
 8.8297e+01	
 8.8300e+01	
 8.8302e+01	
 8.8307e+01	
 8.8307e+01	
 8.8308e+01	
 8.8308e+01	
 8.8308e+01	
 8.8310e+01	
 8.8312e+01	
 8.8317e+01	
 8.8315e+01	
 8.8315e+01	
 8.8315e+01	
 8.8313e+01	
 8.8313e+01	
 8.8315e+01	
 8.8322e+01	
 8.8320e+01	
 8.8320e+01	
 8.8320e+01	
 8.8322e+01	
 8.8322e+01	
 8.8322e+01	
 8.8325e+01	
 8.8330e+01	
 8.8332e+01	
 8.8337e+01	
 8.8337e+01	
 8.8342e+01	
 8.8343e+01	
 8.8347e+01	
 8.8345e+01	
 8.8345e+01	
 8.8343e+01	
 8.8345e+01	
 8.8345e+01	
 8.8343e+01	
 8.8343e+01	
 8.8345e+01	
 8.8345e+01	
 8.8345e+01	
 8.8347e+01	
 8.8353e+01	
 8.8353e+01	
 8.8353e+01	
 8.8353e+01	
 8.8352e+01	
 8.8352e+01	
 8.8353e+01	
 8.8355e+01	
 8.8355e+01	
 8.8358e+01	
 8.8360e+01	
 8.8360e+01	
 8.8360e+01	
 8.8362e+01	
 8.8363e+01	
 8.8365e+01	
 8.8363e+01	
 8.8367e+01	
 8.8367e+01	
 8.8368e+01	
 8.8368e+01	
 8.8368e+01	
 8.8368e+01	
 8.8370e+01	
 8.8370e+01	
 8.8370e+01	
 8.8372e+01	
 8.8370e+01	
 8.8370e+01	
 8.8372e+01	
 8.8370e+01	
 8.8373e+01	
 8.8373e+01	
 8.8372e+01	
 8.8375e+01	
 8.8373e+01	
 8.8375e+01	
 8.8377e+01	
 8.8378e+01	
 8.8378e+01	
 8.8377e+01	
 8.8380e+01	
 8.8380e+01	
 8.8382e+01	
 8.8382e+01	
 8.8382e+01	
 8.8382e+01	
 8.8383e+01	
 8.8388e+01	
 8.8388e+01	
 8.8387e+01	
 8.8390e+01	
 8.8388e+01	
 8.8390e+01	
 8.8390e+01	
 8.8390e+01	
 8.8388e+01	
 8.8392e+01	
 8.8397e+01	
 8.8397e+01	
 8.8400e+01	
 8.8403e+01	
 8.8407e+01	
 8.8407e+01	
 8.8412e+01	
 8.8413e+01	
 8.8415e+01	
 8.8413e+01	
 8.8417e+01	
 8.8418e+01	
 8.8420e+01	
 8.8422e+01	
 8.8425e+01	
 8.8423e+01	
 8.8425e+01	
 8.8427e+01	
 8.8427e+01	
 8.8428e+01	
 8.8428e+01	
 8.8432e+01	
 8.8433e+01	
 8.8435e+01	
 8.8438e+01	
 8.8437e+01	
 8.8440e+01	
 8.8440e+01	
 8.8438e+01	
 8.8440e+01	
 8.8438e+01	
 8.8440e+01	
 8.8440e+01	
 8.8440e+01	
 8.8440e+01	
 8.8442e+01	
 8.8442e+01	
 8.8438e+01	
 8.8440e+01	
 8.8443e+01	
 8.8443e+01	
 8.8443e+01	
 8.8445e+01	
 8.8445e+01	
 8.8445e+01	
 8.8450e+01	
 8.8450e+01	
 8.8448e+01	
 8.8450e+01	
 8.8450e+01	
 8.8450e+01	
 8.8450e+01	
 8.8450e+01	
 8.8453e+01	
 8.8455e+01	
 8.8458e+01	
 8.8457e+01	
 8.8458e+01	
 8.8462e+01	
 8.8460e+01	
 8.8465e+01	
 8.8468e+01	
 8.8468e+01	
 8.8472e+01	
 8.8472e+01	
 8.8475e+01	
 8.8475e+01	
 8.8473e+01	
 8.8477e+01	
 8.8477e+01	
 8.8477e+01	
 8.8478e+01	
 8.8482e+01	
 8.8482e+01	
 8.8483e+01	
 8.8480e+01	
 8.8480e+01	
 8.8482e+01	
 8.8483e+01	
 8.8485e+01	
 8.8487e+01	
 8.8487e+01	
 8.8490e+01	
 8.8488e+01	
 8.8488e+01	
 8.8492e+01	
 8.8493e+01	
 8.8495e+01	
 8.8495e+01	
 8.8495e+01	
 8.8493e+01	
 8.8497e+01	
 8.8497e+01	
 8.8497e+01	
 8.8498e+01	
 8.8498e+01	
 8.8497e+01	
 8.8503e+01	
 8.8505e+01	
 8.8507e+01	
 8.8508e+01	
 8.8512e+01	
 8.8512e+01	
 8.8517e+01	
 8.8523e+01	
 8.8520e+01	
 8.8523e+01	
 8.8528e+01	
 8.8527e+01	
 8.8528e+01	
 8.8530e+01	
 8.8533e+01	
 8.8532e+01	
 8.8537e+01	
 8.8535e+01	
 8.8535e+01	
 8.8533e+01	
 8.8535e+01	
 8.8538e+01	
 8.8538e+01	
 8.8540e+01	
 8.8543e+01	
 8.8542e+01	
 8.8547e+01	
 8.8545e+01	
 8.8550e+01	
 8.8550e+01	
 8.8552e+01	
 8.8557e+01	
 8.8555e+01	
 8.8560e+01	
 8.8560e+01	
 8.8558e+01	
 8.8558e+01	
 8.8563e+01	
 8.8567e+01	
 8.8567e+01	
 8.8567e+01	
 8.8568e+01	
 8.8568e+01	
 8.8567e+01	
 8.8567e+01	
 8.8570e+01	
 8.8572e+01	
 8.8573e+01	
 8.8573e+01	
 8.8573e+01	
 8.8573e+01	
 8.8572e+01	
 8.8573e+01	
 8.8577e+01	
 8.8577e+01	
 8.8578e+01	
 8.8582e+01	
 8.8583e+01	
 8.8583e+01	
 8.8583e+01	
 8.8582e+01	
 8.8582e+01	
 8.8587e+01	
 8.8592e+01	
 8.8593e+01	
 8.8593e+01	
 8.8593e+01	
 8.8595e+01	
 8.8597e+01	
 8.8598e+01	
 8.8597e+01	
 8.8597e+01	
 8.8598e+01	
 8.8598e+01	
 8.8598e+01	
 8.8600e+01	
 8.8600e+01	
 8.8602e+01	
 8.8602e+01	
 8.8607e+01	
 8.8607e+01	
 8.8608e+01	
 8.8610e+01	
 8.8613e+01	
 8.8613e+01	
 8.8615e+01	
 8.8615e+01	
 8.8613e+01	
 8.8615e+01	
 8.8617e+01	
 8.8618e+01	
 8.8618e+01	
 8.8618e+01	
 8.8620e+01	
 8.8620e+01	
 8.8623e+01	
 8.8622e+01	
 8.8627e+01	
 8.8627e+01	
 8.8630e+01	
 8.8632e+01	
 8.8635e+01	
 8.8633e+01	
 8.8635e+01	
 8.8635e+01	
 8.8633e+01	
 8.8635e+01	
 8.8633e+01	
 8.8637e+01	
 8.8638e+01	
 8.8637e+01	
 8.8640e+01	
 8.8640e+01	
 8.8638e+01	
 8.8640e+01	
 8.8640e+01	
 8.8643e+01	
 8.8642e+01	
 8.8643e+01	
 8.8645e+01	
 8.8645e+01	
 8.8647e+01	
 8.8648e+01	
 8.8650e+01	
 8.8650e+01	
 8.8652e+01	
 8.8653e+01	
 8.8655e+01	
 8.8655e+01	
 8.8653e+01	
 8.8657e+01	
 8.8657e+01	
 8.8657e+01	
 8.8657e+01	
 8.8658e+01	
 8.8660e+01	
 8.8660e+01	
 8.8660e+01	
 8.8662e+01	
 8.8660e+01	
 8.8663e+01	
 8.8665e+01	
 8.8667e+01	
 8.8672e+01	
 8.8672e+01	
 8.8673e+01	
 8.8672e+01	
 8.8673e+01	
 8.8672e+01	
 8.8673e+01	
 8.8673e+01	
 8.8675e+01	
 8.8675e+01	
 8.8678e+01	
 8.8678e+01	
 8.8678e+01	
 8.8678e+01	
 8.8678e+01	
 8.8680e+01	
 8.8680e+01	
 8.8680e+01	
 8.8682e+01	
 8.8685e+01	
 8.8682e+01	
 8.8685e+01	
 8.8683e+01	
 8.8683e+01	
 8.8687e+01	
 8.8687e+01	
 8.8687e+01	
 8.8687e+01	
 8.8688e+01	
 8.8693e+01	
 8.8693e+01	
 8.8693e+01	
 8.8693e+01	
 8.8693e+01	
 8.8693e+01	
 8.8693e+01	
 8.8698e+01	
 8.8698e+01	
 8.8698e+01	
 8.8697e+01	
 8.8700e+01	
 8.8703e+01	
 8.8702e+01	
 8.8705e+01	
 8.8705e+01	
 8.8705e+01	
 8.8707e+01	
 8.8708e+01	
 8.8710e+01	
 8.8710e+01	
 8.8710e+01	
 8.8712e+01	
 8.8710e+01	
 8.8713e+01	
 8.8712e+01	
 8.8713e+01	
 8.8713e+01	
 8.8712e+01	
 8.8713e+01	
 8.8713e+01	
 8.8713e+01	
 8.8715e+01	
 8.8715e+01	
 8.8715e+01	
 8.8715e+01	
 8.8715e+01	
 8.8720e+01	
 8.8722e+01	
 8.8725e+01	
 8.8725e+01	
 8.8727e+01	
 8.8730e+01	
 8.8727e+01	
 8.8727e+01	
 8.8725e+01	
 8.8730e+01	
 8.8733e+01	
 8.8737e+01	
 8.8737e+01	
 8.8737e+01	
 8.8738e+01	
 8.8738e+01	
 8.8738e+01	
 8.8738e+01	
 8.8738e+01	
 8.8737e+01	
 8.8737e+01	
 8.8735e+01	
 8.8735e+01	
 8.8735e+01	
 8.8737e+01	
 8.8737e+01	
 8.8738e+01	
 8.8738e+01	
 8.8740e+01	
 8.8740e+01	
 8.8743e+01	
 8.8742e+01	
 8.8745e+01	
 8.8745e+01	
 8.8745e+01	
 8.8745e+01	
 8.8747e+01	
 8.8747e+01	
 8.8747e+01	
 8.8748e+01	
 8.8748e+01	
 8.8748e+01	
 8.8750e+01	
 8.8750e+01	
 8.8752e+01	
 8.8752e+01	
 8.8755e+01	
 8.8755e+01	
 8.8757e+01	
 8.8757e+01	
 8.8758e+01	
 8.8760e+01	
 8.8762e+01	
 8.8765e+01	
 8.8765e+01	
 8.8762e+01	
 8.8765e+01	
 8.8763e+01	
 8.8767e+01	
 8.8765e+01	
 8.8767e+01	
 8.8767e+01	
 8.8767e+01	
 8.8767e+01	
 8.8767e+01	
 8.8767e+01	
 8.8767e+01	
 8.8767e+01	
 8.8767e+01	
 8.8768e+01	
 8.8770e+01	
 8.8770e+01	
 8.8773e+01	
 8.8773e+01	
 8.8773e+01	
 8.8777e+01	
 8.8777e+01	
 8.8777e+01	
 8.8773e+01	
 8.8775e+01	
 8.8775e+01	
 8.8778e+01	
 8.8780e+01	
 8.8785e+01	
 8.8785e+01	
 8.8783e+01	
 8.8785e+01	
 8.8785e+01	
 8.8787e+01	
 8.8785e+01	
 8.8785e+01	
 8.8785e+01	
 8.8788e+01	
 8.8787e+01	
 8.8788e+01	
 8.8792e+01	
 8.8790e+01	
 8.8792e+01	
 8.8793e+01	
 8.8793e+01	
 8.8793e+01	
 8.8793e+01	
 8.8795e+01	
 8.8795e+01	
 8.8795e+01	
 8.8795e+01	
 8.8797e+01	
 8.8797e+01	
 8.8800e+01	
 8.8798e+01	
 8.8800e+01	
 8.8800e+01	
 8.8802e+01	
 8.8803e+01	
 8.8805e+01	
 8.8805e+01	
 8.8807e+01	
 8.8808e+01	
 8.8810e+01	
 8.8812e+01	
 8.8812e+01	
 8.8813e+01	
 8.8817e+01	
 8.8822e+01	
 8.8818e+01	
 8.8822e+01	
 8.8822e+01	
 8.8823e+01	
 8.8823e+01	
 8.8823e+01	
 8.8823e+01	
 8.8823e+01	
 8.8825e+01	
 8.8825e+01	
 8.8825e+01	
 8.8828e+01	
 8.8830e+01	
 8.8833e+01	
 8.8832e+01	
 8.8835e+01	
 8.8838e+01	
 8.8840e+01	
 8.8840e+01	
 8.8843e+01	
 8.8845e+01	
 8.8845e+01	
 8.8843e+01	
 8.8843e+01	
 8.8843e+01	
 8.8843e+01	
 8.8843e+01	
 8.8843e+01	
 8.8845e+01	
 8.8850e+01	
 8.8848e+01	
 8.8850e+01	
 8.8853e+01	
 8.8858e+01	
 8.8860e+01	
 8.8860e+01	
 8.8863e+01	
 8.8863e+01	
 8.8863e+01	
 8.8863e+01	
 8.8868e+01	
 8.8868e+01	
 8.8868e+01	
 8.8870e+01	
 8.8873e+01	
 8.8877e+01	
 8.8877e+01	
 8.8878e+01	
 8.8873e+01	
 8.8878e+01	
 8.8883e+01	
 8.8883e+01	
 8.8883e+01	
 8.8883e+01	
 8.8885e+01	
 8.8885e+01	
 8.8885e+01	
 8.8885e+01	
 8.8885e+01	
 8.8887e+01	
 8.8888e+01	
 8.8890e+01	
 8.8892e+01	
 8.8893e+01	
 8.8893e+01	
 8.8893e+01	
 8.8898e+01	
 8.8900e+01	
 8.8900e+01	
 8.8902e+01	
 8.8905e+01	
 8.8903e+01	
 8.8903e+01	
 8.8903e+01	
 8.8905e+01	
 8.8905e+01	
 8.8905e+01	
 8.8907e+01	
 8.8907e+01	
 8.8910e+01	
 8.8910e+01	
 8.8910e+01	
 8.8912e+01	
 8.8913e+01	
 8.8913e+01	
 8.8913e+01	
 8.8913e+01	
 8.8915e+01	
 8.8915e+01	
 8.8917e+01	
 8.8920e+01	
 8.8922e+01	
 8.8923e+01	
 8.8923e+01	
 8.8925e+01	
 8.8922e+01	
 8.8923e+01	
 8.8927e+01	
 8.8928e+01	
 8.8928e+01	
 8.8928e+01	
 8.8930e+01	
 8.8932e+01	
 8.8932e+01	
 8.8933e+01	
 8.8935e+01	
 8.8938e+01	
 8.8942e+01	
 8.8943e+01	
 8.8945e+01	
 8.8945e+01	
 8.8947e+01	
 8.8948e+01	
 8.8947e+01	
 8.8948e+01	
 8.8948e+01	
 8.8948e+01	
 8.8948e+01	
 8.8948e+01	
 8.8950e+01	
 8.8950e+01	
 8.8948e+01	
 8.8952e+01	
 8.8955e+01	
 8.8957e+01	
 8.8960e+01	
 8.8963e+01	
 8.8962e+01	
 8.8965e+01	
 8.8967e+01	
 8.8970e+01	
 8.8970e+01	
 8.8970e+01	
 8.8972e+01	
 8.8972e+01	
 8.8975e+01	
 8.8975e+01	
 8.8977e+01	
 8.8977e+01	
 8.8977e+01	
 8.8980e+01	
 8.8980e+01	
 8.8982e+01	
 8.8983e+01	
 8.8990e+01	
 8.8988e+01	
 8.8988e+01	
 8.8988e+01	
 8.8992e+01	
 8.8990e+01	
 8.8992e+01	
 8.8995e+01	
 8.8993e+01	
 8.8998e+01	
 8.8997e+01	
 8.9000e+01	
 8.9002e+01	
 8.9002e+01	
 8.9003e+01	
 8.9005e+01	
 8.9005e+01	
 8.9007e+01	
 8.9008e+01	
 8.9012e+01	
 8.9010e+01	
 8.9010e+01	
 8.9012e+01	
 8.9017e+01	
 8.9015e+01	
 8.9015e+01	
 8.9017e+01	
 8.9017e+01	
 8.9015e+01	
 8.9018e+01	
 8.9018e+01	
 8.9020e+01	
 8.9022e+01	
 8.9020e+01	
 8.9023e+01	
 8.9025e+01	
 8.9028e+01	
 8.9030e+01	
 8.9028e+01	
 8.9032e+01	
 8.9032e+01	
 8.9032e+01	
 8.9035e+01	
 8.9037e+01	
 8.9038e+01	
 8.9038e+01	
 8.9038e+01	
 8.9040e+01	
 8.9040e+01	
 8.9042e+01	
 8.9043e+01	
 8.9043e+01	
 8.9045e+01	
 8.9045e+01	
 8.9047e+01	
 8.9048e+01	
 8.9048e+01	
 8.9048e+01	
 8.9048e+01	
 8.9048e+01	
 8.9050e+01	
 8.9052e+01	
 8.9055e+01	
 8.9057e+01	
 8.9053e+01	
 8.9055e+01	
 8.9055e+01	
 8.9055e+01	
 8.9057e+01	
 8.9057e+01	
 8.9057e+01	
 8.9057e+01	
 8.9057e+01	
 8.9060e+01	
 8.9060e+01	
 8.9063e+01	
 8.9065e+01	
 8.9067e+01	
 8.9068e+01	
 8.9070e+01	
 8.9073e+01	
 8.9073e+01	
 8.9075e+01	
 8.9077e+01	
 8.9078e+01	
 8.9078e+01	
 8.9080e+01	
 8.9078e+01	
 8.9080e+01	
 8.9080e+01	
 8.9078e+01	
 8.9080e+01	
 8.9080e+01	
 8.9082e+01	
 8.9080e+01	
 8.9078e+01	
 8.9080e+01	
 8.9080e+01	
 8.9078e+01	
 8.9078e+01	
 8.9078e+01	
 8.9078e+01	
 8.9080e+01	
 8.9078e+01	
 8.9080e+01	
 8.9080e+01	
 8.9082e+01	
 8.9082e+01	
 8.9085e+01	
 8.9088e+01	
 8.9087e+01	
 8.9090e+01	
 8.9088e+01	
 8.9090e+01	
 8.9088e+01	
 8.9088e+01	
 8.9090e+01	
 8.9090e+01	
 8.9090e+01	
 8.9090e+01	
 8.9090e+01	
 8.9088e+01	
 8.9088e+01	
 8.9092e+01	
 8.9095e+01	
 8.9095e+01	
 8.9097e+01	
 8.9097e+01	
 8.9098e+01	
 8.9098e+01	
 8.9098e+01	
 8.9098e+01	
 8.9097e+01	
 8.9098e+01	
 8.9100e+01	
 8.9100e+01	
 8.9100e+01	
 8.9102e+01	
 8.9102e+01	
 8.9102e+01	
 8.9103e+01	
 8.9103e+01	
 8.9105e+01	
 8.9112e+01	
 8.9110e+01	
 8.9115e+01	
 8.9117e+01	
 8.9117e+01	
 8.9118e+01	
 8.9118e+01	
 8.9118e+01	
 8.9123e+01	
 8.9123e+01	
 8.9123e+01	
 8.9125e+01	
 8.9125e+01	
 8.9127e+01	
 8.9127e+01	
 8.9127e+01	
 8.9127e+01	
 8.9127e+01	
 8.9127e+01	
 8.9128e+01	
 8.9128e+01	
 8.9128e+01	
 8.9130e+01	
 8.9130e+01	
 8.9130e+01	
 8.9130e+01	
 8.9130e+01	
 8.9132e+01	
 8.9133e+01	
 8.9135e+01	
 8.9137e+01	
 8.9133e+01	
 8.9137e+01	
 8.9137e+01	
 8.9137e+01	
 8.9140e+01	
 8.9137e+01	
 8.9140e+01	
 8.9137e+01	
 8.9142e+01	
 8.9142e+01	
 8.9143e+01	
 8.9142e+01	
 8.9145e+01	
 8.9147e+01	
 8.9147e+01	
 8.9147e+01	
 8.9148e+01	
 8.9145e+01	
 8.9148e+01	
 8.9150e+01	
 8.9153e+01	
 8.9153e+01	
 8.9153e+01	
 8.9155e+01	
 8.9157e+01	
 8.9157e+01	
 8.9157e+01	
 8.9157e+01	
 8.9157e+01	
 8.9157e+01	
 8.9155e+01	
 8.9155e+01	
 8.9155e+01	
 8.9153e+01	
 8.9157e+01	
 8.9162e+01	
 8.9160e+01	
 8.9162e+01	
 8.9162e+01	
 8.9163e+01	
 8.9165e+01	
 8.9165e+01	
 8.9167e+01	
 8.9167e+01	
 8.9165e+01	
 8.9165e+01	
 8.9165e+01	
 8.9163e+01	
 8.9163e+01	
 8.9160e+01	
 8.9163e+01	
 8.9168e+01	
 8.9168e+01	
 8.9168e+01	
 8.9172e+01	
 8.9173e+01	
 8.9177e+01	
 8.9177e+01	
 8.9178e+01	
 8.9178e+01	
 8.9177e+01	
 8.9177e+01	
 8.9177e+01	
 8.9180e+01	
 8.9180e+01	
 8.9180e+01	
 8.9182e+01	
 8.9183e+01	
 8.9185e+01	
 8.9187e+01	
 8.9187e+01	
 8.9188e+01	
 8.9188e+01	
 8.9187e+01	
 8.9190e+01	
 8.9188e+01	
 8.9190e+01	
 8.9192e+01	
 8.9190e+01	
 8.9190e+01	
 8.9190e+01	
 8.9190e+01	
 8.9192e+01	
 8.9192e+01	
 8.9195e+01	
 8.9197e+01	
 8.9198e+01	
 8.9197e+01	
 8.9197e+01	
 8.9197e+01	
 8.9198e+01	
 8.9198e+01	
 8.9198e+01	
 8.9200e+01	
 8.9202e+01	
 8.9203e+01	
 8.9203e+01	
 8.9203e+01	
 8.9205e+01	
 8.9203e+01	
 8.9210e+01	
 8.9210e+01	
 8.9210e+01	
 8.9212e+01	
 8.9210e+01	
 8.9210e+01	
 8.9208e+01	
 8.9212e+01	
 8.9212e+01	
 8.9210e+01	
 8.9212e+01	
 8.9213e+01	
 8.9212e+01	
 8.9213e+01	
 8.9213e+01	
 8.9217e+01	
 8.9217e+01	
 8.9215e+01	
 8.9218e+01	
 8.9218e+01	
 8.9220e+01	
 8.9220e+01	
 8.9222e+01	
 8.9225e+01	
 8.9225e+01	
 8.9225e+01	
 8.9227e+01	
 8.9228e+01	
 8.9230e+01	
 8.9230e+01	
 8.9232e+01	
 8.9233e+01	
 8.9235e+01	
 8.9235e+01	
 8.9237e+01	
 8.9237e+01	
 8.9237e+01	
 8.9237e+01	
 8.9238e+01	
 8.9238e+01	
 8.9238e+01	
 8.9238e+01	
 8.9238e+01	
 8.9240e+01	
 8.9242e+01	
 8.9240e+01	
 8.9245e+01	
 8.9247e+01	
 8.9247e+01	
 8.9247e+01	
 8.9247e+01	
 8.9250e+01	
 8.9250e+01	
 8.9250e+01	
 8.9250e+01	
 8.9248e+01	
 8.9248e+01	
 8.9255e+01	
 8.9255e+01	
 8.9258e+01	
 8.9257e+01	
 8.9257e+01	
 8.9253e+01	
 8.9260e+01	
 8.9258e+01	
 8.9262e+01	
 8.9260e+01	
 8.9258e+01	
 8.9258e+01	
 8.9258e+01	
 8.9260e+01	
 8.9262e+01	
 8.9262e+01	
 8.9263e+01	
 8.9263e+01	
 8.9263e+01	
 8.9267e+01	
 8.9263e+01	
 8.9263e+01	
 8.9267e+01	
 8.9265e+01	
 8.9265e+01	
 8.9265e+01	
 8.9265e+01	
 8.9268e+01	
 8.9267e+01	
 8.9268e+01	
 8.9268e+01	
 8.9267e+01	
 8.9267e+01	
 8.9267e+01	
 8.9268e+01	
 8.9267e+01	
 8.9267e+01	
 8.9268e+01	
 8.9268e+01	
 8.9270e+01	
 8.9270e+01	
 8.9270e+01	
 8.9270e+01	
 8.9277e+01	
 8.9275e+01	
 8.9275e+01	
 8.9277e+01	
 8.9275e+01	
 8.9275e+01	
 8.9277e+01	
 8.9277e+01	
 8.9280e+01	
 8.9280e+01	
 8.9282e+01	
 8.9280e+01	
 8.9278e+01	
 8.9280e+01	
 8.9280e+01	
 8.9282e+01	
 8.9282e+01	
 8.9282e+01	
 8.9282e+01	
 8.9282e+01	
 8.9282e+01	
 8.9282e+01	
 8.9285e+01	
 8.9285e+01	
 8.9285e+01	
 8.9285e+01	
 8.9285e+01	
 8.9285e+01	
 8.9287e+01	
 8.9288e+01	
 8.9288e+01	
 8.9288e+01	
 8.9290e+01	
 8.9290e+01	
 8.9290e+01	
 8.9292e+01	
 8.9293e+01	
 8.9297e+01	
 8.9295e+01	
 8.9298e+01	
 8.9302e+01	
 8.9302e+01	
 8.9303e+01	
 8.9303e+01	
 8.9305e+01	
 8.9307e+01	
 8.9308e+01	
 8.9308e+01	
 8.9310e+01	
 8.9310e+01	
 8.9313e+01	
 8.9315e+01	
 8.9315e+01	
 8.9315e+01	
 8.9315e+01	
 8.9318e+01	
 8.9322e+01	
 8.9322e+01	
 8.9322e+01	
 8.9323e+01	
 8.9323e+01	
 8.9325e+01	
 8.9325e+01	
 8.9323e+01	
 8.9327e+01	
 8.9325e+01	
 8.9330e+01	
 8.9328e+01	
 8.9333e+01	
 8.9333e+01	
 8.9333e+01	
 8.9333e+01	
 8.9333e+01	
 8.9333e+01	
 8.9333e+01	
 8.9335e+01	
 8.9335e+01	
 8.9335e+01	
 8.9335e+01	
 8.9335e+01	
 8.9337e+01	
 8.9337e+01	
 8.9337e+01	
 8.9337e+01	
 8.9337e+01	
 8.9337e+01	
 8.9337e+01	
 8.9338e+01	
 8.9337e+01	
 8.9338e+01	
 8.9338e+01	
 8.9342e+01	
 8.9345e+01	
 8.9347e+01	
 8.9347e+01	
 8.9347e+01	
 8.9347e+01	
 8.9347e+01	
 8.9348e+01	
 8.9348e+01	
 8.9348e+01	
 8.9348e+01	
 8.9350e+01	
 8.9352e+01	
 8.9352e+01	
 8.9352e+01	
 8.9352e+01	
 8.9352e+01	
 8.9352e+01	
 8.9352e+01	
 8.9352e+01	
 8.9350e+01	
 8.9352e+01	
 8.9353e+01	
 8.9353e+01	
 8.9353e+01	
 8.9353e+01	
 8.9353e+01	
 8.9357e+01	
 8.9357e+01	
 8.9358e+01	
 8.9360e+01	
 8.9360e+01	
 8.9360e+01	
 8.9358e+01	
 8.9360e+01	
 8.9358e+01	
 8.9358e+01	
 8.9358e+01	
 8.9358e+01	
 8.9358e+01	
 8.9358e+01	
 8.9358e+01	
 8.9358e+01	
 8.9360e+01	
 8.9358e+01	
 8.9362e+01	
 8.9363e+01	
 8.9363e+01	
 8.9363e+01	
 8.9365e+01	
 8.9365e+01	
 8.9365e+01	
 8.9367e+01	
 8.9368e+01	
 8.9368e+01	
 8.9368e+01	
 8.9368e+01	
 8.9368e+01	
 8.9370e+01	
 8.9370e+01	
 8.9370e+01	
 8.9372e+01	
 8.9372e+01	
 8.9372e+01	
 8.9375e+01	
 8.9373e+01	
 8.9375e+01	
 8.9373e+01	
 8.9375e+01	
 8.9377e+01	
 8.9377e+01	
 8.9380e+01	
 8.9378e+01	
 8.9378e+01	
 8.9378e+01	
 8.9380e+01	
 8.9380e+01	
 8.9382e+01	
 8.9382e+01	
 8.9383e+01	
 8.9383e+01	
 8.9387e+01	
 8.9388e+01	
 8.9387e+01	
 8.9388e+01	
 8.9388e+01	
 8.9390e+01	
 8.9388e+01	
 8.9388e+01	
 8.9390e+01	
 8.9393e+01	
 8.9395e+01	
 8.9397e+01	
 8.9393e+01	
 8.9397e+01	
 8.9400e+01	
 8.9400e+01	
 8.9400e+01	
 8.9402e+01	
 8.9402e+01	
 8.9405e+01	
 8.9403e+01	
 8.9407e+01	
 8.9407e+01	
 8.9407e+01	
 8.9405e+01	
 8.9407e+01	
 8.9408e+01	
 8.9408e+01	
 8.9408e+01	
 8.9408e+01	
 8.9410e+01	
 8.9408e+01	
 8.9407e+01	
 8.9408e+01	
 8.9412e+01	
 8.9413e+01	
 8.9413e+01	
 8.9413e+01	
 8.9413e+01	
 8.9415e+01	
 8.9413e+01	
 8.9413e+01	
 8.9417e+01	
 8.9417e+01	
 8.9417e+01	
 8.9417e+01	
 8.9417e+01	
 8.9422e+01	
 8.9422e+01	
 8.9423e+01	
 8.9423e+01	
 8.9423e+01	
 8.9423e+01	
 8.9423e+01	
 8.9427e+01	
 8.9425e+01	
 8.9427e+01	
 8.9428e+01	
 8.9427e+01	
 8.9428e+01	
 8.9430e+01	
 8.9432e+01	
 8.9433e+01	
 8.9433e+01	
 8.9435e+01	
 8.9435e+01	
 8.9438e+01	
 8.9438e+01	
 8.9438e+01	
 8.9438e+01	
 8.9438e+01	
 8.9438e+01	
 8.9438e+01	
 8.9438e+01	
 8.9438e+01	
 8.9440e+01	
 8.9440e+01	
 8.9440e+01	
 8.9440e+01	
 8.9440e+01	
 8.9437e+01	
 8.9437e+01	
 8.9437e+01	
 8.9437e+01	
 8.9440e+01	
 8.9440e+01	
 8.9442e+01	
 8.9442e+01	
 8.9442e+01	
 8.9440e+01	
 8.9440e+01	
 8.9440e+01	
 8.9440e+01	
 8.9440e+01	
 8.9440e+01	
 8.9443e+01	
 8.9443e+01	
 8.9445e+01	
 8.9447e+01	
 8.9445e+01	
 8.9445e+01	
 8.9447e+01	
 8.9445e+01	
 8.9448e+01	
 8.9448e+01	
 8.9450e+01	
 8.9450e+01	
 8.9450e+01	
 8.9450e+01	
 8.9450e+01	
 8.9448e+01	
 8.9452e+01	
 8.9452e+01	
 8.9452e+01	
 8.9450e+01	
 8.9452e+01	
 8.9450e+01	
 8.9450e+01	
 8.9450e+01	
 8.9453e+01	
 8.9453e+01	
 8.9458e+01	
 8.9457e+01	
 8.9455e+01	
 8.9457e+01	
 8.9458e+01	
 8.9460e+01	
 8.9460e+01	
 8.9460e+01	
 8.9458e+01	
 8.9460e+01	
 8.9458e+01	
 8.9458e+01	
 8.9460e+01	
 8.9457e+01	
 8.9460e+01	
 8.9460e+01	
 8.9460e+01	
 8.9460e+01	
 8.9460e+01	
 8.9462e+01	
 8.9463e+01	
 8.9462e+01	
 8.9463e+01	
 8.9462e+01	
 8.9465e+01	
 8.9463e+01	
 8.9465e+01	
 8.9467e+01	
 8.9468e+01	
 8.9467e+01	
 8.9467e+01	
 8.9467e+01	
 8.9465e+01	
 8.9465e+01	
 8.9465e+01	
 8.9465e+01	
 8.9467e+01	
 8.9467e+01	
 8.9472e+01	
 8.9473e+01	
 8.9473e+01	
 8.9475e+01	
 8.9475e+01	
 8.9475e+01	
 8.9478e+01	
 8.9480e+01	
 8.9480e+01	
 8.9482e+01	
 8.9480e+01	
 8.9483e+01	
 8.9483e+01	
 8.9485e+01	
 8.9483e+01	
 8.9483e+01	
 8.9483e+01	
 8.9483e+01	
 8.9483e+01	
 8.9485e+01	
 8.9483e+01	
 8.9483e+01	
 8.9483e+01	
 8.9485e+01	
 8.9485e+01	
 8.9483e+01	
 8.9485e+01	
 8.9483e+01	
 8.9482e+01	
 8.9482e+01	
 8.9485e+01	
 8.9483e+01	
 8.9483e+01	
 8.9483e+01	
 8.9483e+01	
 8.9485e+01	
 8.9487e+01	
 8.9487e+01	
 8.9487e+01	
 8.9488e+01	
 8.9487e+01	
 8.9490e+01	
 8.9490e+01	
 8.9493e+01	
 8.9495e+01	
 8.9493e+01	
 8.9497e+01	
 8.9498e+01	
 8.9500e+01	
 8.9498e+01	
 8.9503e+01	
 8.9502e+01	
 8.9503e+01	
 8.9503e+01	
 8.9505e+01	
 8.9505e+01	
 8.9507e+01	
 8.9507e+01	
 8.9508e+01	
 8.9507e+01	
 8.9508e+01	
 8.9508e+01	
 8.9508e+01	
 8.9508e+01	
 8.9510e+01	
 8.9507e+01	
 8.9510e+01	
 8.9508e+01	
 8.9508e+01	
 8.9510e+01	
 8.9510e+01	
 8.9508e+01	
 8.9512e+01	
 8.9508e+01	
 8.9512e+01	
 8.9510e+01	
 8.9512e+01	
 8.9512e+01	
 8.9512e+01	
 8.9512e+01	
 8.9512e+01	
 8.9512e+01	
 8.9512e+01	
 8.9512e+01	
 8.9512e+01	
 8.9512e+01	
 8.9515e+01	
 8.9515e+01	
 8.9515e+01	
 8.9518e+01	
 8.9518e+01	
 8.9518e+01	
 8.9520e+01	
 8.9518e+01	
 8.9522e+01	
 8.9520e+01	
 8.9518e+01	
 8.9518e+01	
 8.9522e+01	
 8.9525e+01	
 8.9522e+01	
 8.9523e+01	
 8.9525e+01	
 8.9525e+01	
 8.9525e+01	
 8.9527e+01	
 8.9528e+01	
 8.9530e+01	
 8.9530e+01	
 8.9532e+01	
 8.9533e+01	
 8.9535e+01	
 8.9535e+01	
 8.9533e+01	
 8.9533e+01	
 8.9533e+01	
 8.9533e+01	
 8.9533e+01	
 8.9533e+01	
 8.9537e+01	
 8.9538e+01	
 8.9538e+01	
 8.9540e+01	
 8.9538e+01	
 8.9538e+01	
 8.9538e+01	
 8.9538e+01	
 8.9538e+01	
 8.9540e+01	
 8.9540e+01	
 8.9538e+01	
 8.9542e+01	
 8.9542e+01	
 8.9543e+01	
 8.9542e+01	
 8.9545e+01	
 8.9545e+01	
 8.9547e+01	
 8.9547e+01	
 8.9547e+01	
 8.9547e+01	
 8.9548e+01	
 8.9547e+01	
 8.9548e+01	
 8.9550e+01	
 8.9547e+01	
 8.9550e+01	
 8.9550e+01	
 8.9550e+01	
 8.9547e+01	
 8.9553e+01	
 8.9555e+01	
 8.9557e+01	
 8.9552e+01	
 8.9555e+01	
 8.9555e+01	
 8.9555e+01	
 8.9557e+01	
 8.9558e+01	
 8.9557e+01	
 8.9558e+01	
 8.9557e+01	
 8.9557e+01	
 8.9558e+01	
 8.9560e+01	
 8.9562e+01	
 8.9562e+01	
 8.9562e+01	
 8.9565e+01	
 8.9565e+01	
 8.9565e+01	
 8.9567e+01	
 8.9567e+01	
 8.9565e+01	
 8.9565e+01	
 8.9567e+01	
 8.9568e+01	
 8.9567e+01	
 8.9568e+01	
 8.9568e+01	
 8.9572e+01	
 8.9570e+01	
 8.9570e+01	
 8.9570e+01	
 8.9572e+01	
 8.9570e+01	
 8.9570e+01	
 8.9572e+01	
 8.9572e+01	
 8.9572e+01	
 8.9572e+01	
 8.9572e+01	
 8.9572e+01	
 8.9570e+01	
 8.9572e+01	
 8.9572e+01	
 8.9573e+01	
 8.9572e+01	
 8.9575e+01	
 8.9577e+01	
 8.9577e+01	
 8.9575e+01	
 8.9577e+01	
 8.9575e+01	
 8.9575e+01	
 8.9575e+01	
 8.9578e+01	
 8.9578e+01	
 8.9578e+01	
 8.9578e+01	
 8.9580e+01	
 8.9580e+01	
 8.9580e+01	
 8.9580e+01	
 8.9583e+01	
 8.9583e+01	
 8.9583e+01	
 8.9583e+01	
 8.9583e+01	
 8.9583e+01	
 8.9583e+01	
 8.9583e+01	
 8.9583e+01	
 8.9583e+01	
 8.9583e+01	
 8.9587e+01	
 8.9587e+01	
 8.9588e+01	
 8.9590e+01	
 8.9590e+01	
 8.9592e+01	
 8.9593e+01	
 8.9593e+01	
 8.9593e+01	
 8.9595e+01	
 8.9597e+01	
 8.9598e+01	
 8.9598e+01	
 8.9598e+01	
 8.9598e+01	
 8.9600e+01	
 8.9602e+01	
 8.9605e+01	
 8.9605e+01	
 8.9607e+01	
 8.9607e+01	
 8.9605e+01	
 8.9605e+01	
 8.9608e+01	
 8.9608e+01	
 8.9608e+01	
 8.9610e+01	
 8.9612e+01	
 8.9608e+01	
 8.9612e+01	
 8.9612e+01	
 8.9608e+01	
 8.9608e+01	
 8.9610e+01	
 8.9608e+01	
 8.9608e+01	
 8.9608e+01	
 8.9608e+01	
 8.9608e+01	
 8.9608e+01	
 8.9608e+01	
 8.9608e+01	
 8.9610e+01	
 8.9608e+01	
 8.9607e+01	
 8.9608e+01	
 8.9608e+01	
 8.9612e+01	
 8.9612e+01	
 8.9612e+01	
 8.9610e+01	
 8.9610e+01	
 8.9612e+01	
 8.9612e+01	
 8.9610e+01	
 8.9610e+01	
 8.9612e+01	
 8.9612e+01	
 8.9613e+01	
 8.9617e+01	
 8.9615e+01	
 8.9617e+01	
 8.9615e+01	
 8.9617e+01	
 8.9618e+01	
 8.9618e+01	
 8.9618e+01	
 8.9618e+01	
 8.9618e+01	
 8.9620e+01	
 8.9620e+01	
 8.9618e+01	
 8.9618e+01	
 8.9618e+01	
 8.9618e+01	
 8.9620e+01	
 8.9617e+01	
 8.9620e+01	
 8.9618e+01	
 8.9622e+01	
 8.9622e+01	
 8.9625e+01	
 8.9625e+01	
 8.9625e+01	
 8.9627e+01	
 8.9627e+01	
 8.9628e+01	
 8.9630e+01	
 8.9628e+01	
 8.9630e+01	
 8.9628e+01	
 8.9630e+01	
 8.9632e+01	
 8.9633e+01	
 8.9637e+01	
 8.9635e+01	
 8.9635e+01	
 8.9637e+01	
 8.9637e+01	
 8.9640e+01	
 8.9643e+01	
 8.9642e+01	
 8.9643e+01	
 8.9645e+01	
 8.9645e+01	
 8.9645e+01	
 8.9645e+01	
 8.9645e+01	
 8.9645e+01	
 8.9647e+01	
 8.9650e+01	
 8.9648e+01	
 8.9650e+01	
 8.9650e+01	
 8.9650e+01	
 8.9648e+01	
 8.9650e+01	
 8.9650e+01	
 8.9652e+01	
 8.9652e+01	
 8.9652e+01	
 8.9655e+01	
 8.9655e+01	
 8.9657e+01	
 8.9658e+01	
 8.9658e+01	
 8.9658e+01	
 8.9658e+01	
 8.9658e+01	
 8.9658e+01	
 8.9658e+01	
 8.9658e+01	
 8.9660e+01	
 8.9660e+01	
 8.9660e+01	
 8.9660e+01	
 8.9660e+01	
 8.9660e+01	
 8.9660e+01	
 8.9660e+01	
 8.9660e+01	
 8.9660e+01	
 8.9660e+01	
 8.9663e+01	
 8.9663e+01	
 8.9667e+01	
 8.9667e+01	
 8.9665e+01	
 8.9665e+01	
 8.9665e+01	
 8.9665e+01	
 8.9665e+01	
 8.9663e+01	
 8.9663e+01	
 8.9667e+01	
 8.9667e+01	
 8.9667e+01	
 8.9667e+01	
 8.9667e+01	
 8.9667e+01	
 8.9668e+01	
 8.9670e+01	
 8.9668e+01	
 8.9670e+01	
 8.9672e+01	
 8.9670e+01	
 8.9673e+01	
 8.9673e+01	
 8.9673e+01	
 8.9675e+01	
 8.9675e+01	
 8.9677e+01	
 8.9677e+01	
 8.9678e+01	
 8.9677e+01	
 8.9678e+01	
 8.9682e+01	
 8.9683e+01	
 8.9685e+01	
 8.9683e+01	
 8.9683e+01	
 8.9683e+01	
 8.9687e+01	
 8.9685e+01	
 8.9685e+01	
 8.9685e+01	
 8.9685e+01	
 8.9685e+01	
 8.9688e+01	
 8.9688e+01	
 8.9688e+01	
 8.9688e+01	
 8.9688e+01	
 8.9688e+01	
 8.9688e+01	
 8.9688e+01	
 8.9690e+01	
 8.9688e+01	
 8.9690e+01	
 8.9690e+01	
 8.9693e+01	
 8.9693e+01	
 8.9695e+01	
 8.9695e+01	
 8.9695e+01	
 8.9697e+01	
 8.9693e+01	
 8.9693e+01	
 8.9693e+01	
 8.9693e+01	
 8.9697e+01	
 8.9700e+01	
 8.9698e+01	
 8.9700e+01	
 8.9700e+01	
 8.9700e+01	
 8.9700e+01	
 8.9698e+01	
 8.9702e+01	
 8.9702e+01	
 8.9703e+01	
 8.9705e+01	
 8.9705e+01	
 8.9705e+01	
 8.9705e+01	
 8.9705e+01	
 8.9707e+01	
 8.9708e+01	
 8.9710e+01	
 8.9712e+01	
 8.9713e+01	
 8.9713e+01	
 8.9713e+01	
 8.9713e+01	
 8.9713e+01	
 8.9713e+01	
 8.9713e+01	
 8.9713e+01	
 8.9713e+01	
 8.9713e+01	
 8.9713e+01	
 8.9713e+01	
 8.9715e+01	
 8.9717e+01	
 8.9715e+01	
 8.9717e+01	
 8.9718e+01	
 8.9718e+01	
 8.9718e+01	
 8.9718e+01	
 8.9717e+01	
 8.9717e+01	
 8.9717e+01	
 8.9717e+01	
 8.9717e+01	
 8.9718e+01	
 8.9718e+01	
 8.9720e+01	
 8.9722e+01	
 8.9722e+01	
 8.9718e+01	
 8.9720e+01	
 8.9722e+01	
 8.9722e+01	
 8.9723e+01	
 8.9722e+01	
 8.9722e+01	
 8.9722e+01	
 8.9723e+01	
 8.9723e+01	
 8.9722e+01	
 8.9722e+01	
 8.9723e+01	
 8.9723e+01	
 8.9723e+01	
 8.9723e+01	
 8.9725e+01	
 8.9723e+01	
 8.9723e+01	
 8.9728e+01	
 8.9728e+01	
 8.9728e+01	
 8.9728e+01	
 8.9728e+01	
 8.9730e+01	
 8.9730e+01	
 8.9728e+01	
 8.9728e+01	
 8.9728e+01	
 8.9728e+01	
 8.9727e+01	
 8.9728e+01	
 8.9727e+01	
 8.9728e+01	
 8.9725e+01	
 8.9728e+01	
 8.9728e+01	
 8.9728e+01	
 8.9727e+01	
 8.9728e+01	
 8.9728e+01	
 8.9728e+01	
 8.9728e+01	
 8.9728e+01	
 8.9732e+01	
 8.9732e+01	
 8.9735e+01	
 8.9738e+01	
 8.9740e+01	
 8.9740e+01	
 8.9740e+01	
 8.9740e+01	
 8.9743e+01	
 8.9740e+01	
 8.9742e+01	
 8.9743e+01	
 8.9747e+01	
 8.9747e+01	
 8.9747e+01	
 8.9747e+01	
 8.9747e+01	
 8.9748e+01	
 8.9747e+01	
 8.9748e+01	
 8.9747e+01	
 8.9748e+01	
 8.9748e+01	
 8.9748e+01	
 8.9748e+01	
 8.9748e+01	
 8.9748e+01	
 8.9748e+01	
 8.9750e+01	
 8.9750e+01	
 8.9752e+01	
 8.9753e+01	
 8.9755e+01	
 8.9755e+01	
 8.9755e+01	
 8.9755e+01	
 8.9755e+01	
 8.9757e+01	
 8.9760e+01	
 8.9765e+01	
 8.9765e+01	
 8.9767e+01	
 8.9770e+01	
 8.9770e+01	
 8.9768e+01	
 8.9770e+01	
 8.9770e+01	
 8.9772e+01	
 8.9772e+01	
 8.9772e+01	
 8.9772e+01	
 8.9772e+01	
 8.9772e+01	
 8.9772e+01	
 8.9772e+01	
 8.9772e+01	
 8.9775e+01	
 8.9773e+01	
 8.9773e+01	
 8.9773e+01	
 8.9773e+01	
 8.9773e+01	
 8.9773e+01	
 8.9773e+01	
 8.9773e+01	
 8.9773e+01	
 8.9777e+01	
 8.9778e+01	
 8.9775e+01	
 8.9782e+01	
 8.9782e+01	
 8.9782e+01	
 8.9785e+01	
 8.9783e+01	
 8.9785e+01	
 8.9785e+01	
 8.9790e+01	
 8.9788e+01	
 8.9787e+01	
 8.9790e+01	
 8.9788e+01	
 8.9788e+01	
 8.9788e+01	
 8.9788e+01	
 8.9790e+01	
 8.9792e+01	
 8.9792e+01	
 8.9792e+01	
 8.9795e+01	
 8.9792e+01	
 8.9792e+01	
 8.9792e+01	
 8.9793e+01	
 8.9793e+01	
 8.9795e+01	
 8.9797e+01	
 8.9797e+01	
 8.9797e+01	
 8.9797e+01	
 8.9798e+01	
 8.9798e+01	
 8.9800e+01	
 8.9802e+01	
 8.9803e+01	
 8.9800e+01	
 8.9800e+01	
 8.9800e+01	
 8.9800e+01	
 8.9800e+01	
 8.9802e+01	
 8.9802e+01	
 8.9802e+01	
 8.9802e+01	
 8.9800e+01	
 8.9802e+01	
 8.9803e+01	
 8.9803e+01	
 8.9803e+01	
 8.9803e+01	
 8.9803e+01	
 8.9807e+01	
 8.9807e+01	
 8.9808e+01	
 8.9810e+01	
 8.9810e+01	
 8.9810e+01	
 8.9810e+01	
 8.9810e+01	
 8.9810e+01	
 8.9810e+01	
 8.9810e+01	
 8.9810e+01	
 8.9810e+01	
 8.9812e+01	
 8.9815e+01	
 8.9813e+01	
 8.9813e+01	
 8.9815e+01	
 8.9813e+01	
 8.9813e+01	
 8.9815e+01	
 8.9813e+01	
 8.9813e+01	
 8.9813e+01	
 8.9813e+01	
 8.9815e+01	
 8.9813e+01	
 8.9815e+01	
 8.9815e+01	
 8.9815e+01	
 8.9815e+01	
 8.9818e+01	
 8.9817e+01	
 8.9820e+01	
 8.9818e+01	
 8.9820e+01	
 8.9820e+01	
 8.9820e+01	
 8.9820e+01	
 8.9820e+01	
 8.9820e+01	
 8.9820e+01	
 8.9820e+01	
 8.9820e+01	
 8.9822e+01	
 8.9822e+01	
 8.9822e+01	
 8.9822e+01	
 8.9823e+01	
 8.9823e+01	
 8.9825e+01	
 8.9823e+01	
 8.9823e+01	
 8.9825e+01	
 8.9825e+01	
 8.9823e+01	
 8.9827e+01	
 8.9827e+01	
 8.9828e+01	
 8.9827e+01	
 8.9828e+01	
 8.9828e+01	
 8.9828e+01	
 8.9828e+01	
 8.9828e+01	
 8.9830e+01	
 8.9828e+01	
 8.9832e+01	
 8.9832e+01	
 8.9832e+01	
 8.9832e+01	
 8.9832e+01	
 8.9833e+01	
 8.9833e+01	
 8.9832e+01	
 8.9833e+01	
 8.9833e+01	
 8.9835e+01	
 8.9835e+01	
 8.9837e+01	
 8.9837e+01	
 8.9837e+01	
 8.9837e+01	
 8.9837e+01	
 8.9837e+01	
 8.9840e+01	
 8.9837e+01	
 8.9838e+01	
 8.9840e+01	
 8.9840e+01	
 8.9840e+01	
 8.9838e+01	
 8.9840e+01	
 8.9842e+01	
 8.9843e+01	
 8.9847e+01	
 8.9848e+01	
 8.9848e+01	
 8.9848e+01	
 8.9850e+01	
 8.9850e+01	
 8.9850e+01	
 8.9850e+01	
 8.9852e+01	
 8.9850e+01	
 8.9852e+01	
 8.9855e+01	
 8.9853e+01	
 8.9857e+01	
 8.9855e+01	
 8.9857e+01	
 8.9858e+01	
 8.9858e+01	
 8.9858e+01	
 8.9858e+01	
 8.9858e+01	
 8.9858e+01	
 8.9858e+01	
 8.9860e+01	
 8.9858e+01	
 8.9858e+01	
 8.9858e+01	
 8.9860e+01	
 8.9860e+01	
 8.9860e+01	
 8.9860e+01	
 8.9860e+01	
 8.9862e+01	
 8.9862e+01	
 8.9862e+01	
 8.9862e+01	
 8.9862e+01	
 8.9862e+01	
 8.9862e+01	
 8.9863e+01	
 8.9863e+01	
 8.9865e+01	
 8.9865e+01	
 8.9865e+01	
 8.9865e+01	
 8.9865e+01	
 8.9865e+01	
 8.9865e+01	
 8.9865e+01	
 8.9865e+01	
 8.9865e+01	
 8.9865e+01	
 8.9865e+01	
 8.9865e+01	
 8.9867e+01	
 8.9865e+01	
 8.9865e+01	
 8.9867e+01	
 8.9867e+01	
 8.9870e+01	
 8.9870e+01	
 8.9870e+01	
 8.9872e+01	
 8.9872e+01	
 8.9872e+01	
 8.9872e+01	
 8.9872e+01	
 8.9872e+01	
 8.9872e+01	
 8.9872e+01	
 8.9872e+01	
 8.9873e+01	
 8.9873e+01	
 8.9872e+01	
 8.9872e+01	
 8.9872e+01	
 8.9870e+01	
 8.9870e+01	
 8.9872e+01	
 8.9872e+01	
 8.9872e+01	
 8.9872e+01	
 8.9872e+01	
 8.9872e+01	
 8.9872e+01	
 8.9873e+01	
 8.9875e+01	
 8.9873e+01	
 8.9875e+01	
 8.9875e+01	
 8.9873e+01	
 8.9873e+01	
 8.9873e+01	
 8.9873e+01	
 8.9873e+01	
 8.9873e+01	
 8.9875e+01	
 8.9875e+01	
 8.9875e+01	
 8.9875e+01	
 8.9875e+01	
 8.9873e+01	
 8.9873e+01	
 8.9873e+01	
 8.9875e+01	
 8.9873e+01	
 8.9873e+01	
 8.9873e+01	
 8.9873e+01	
 8.9873e+01	
 8.9873e+01	
 8.9873e+01	
 8.9875e+01	
 8.9875e+01	
 8.9875e+01	
 8.9875e+01	
 8.9875e+01	
 8.9875e+01	
 8.9875e+01	
 8.9875e+01	
 8.9875e+01	
 8.9877e+01	
 8.9877e+01	
 8.9877e+01	
 8.9878e+01	
 8.9878e+01	
 8.9878e+01	
 8.9878e+01	
 8.9878e+01	
 8.9880e+01	
 8.9882e+01	
 8.9882e+01	
 8.9880e+01	
 8.9880e+01	
 8.9882e+01	
 8.9883e+01	
 8.9883e+01	
 8.9883e+01	
 8.9883e+01	
 8.9885e+01	
 8.9885e+01	
 8.9885e+01	
 8.9885e+01	
 8.9885e+01	
 8.9887e+01	
 8.9885e+01	
 8.9887e+01	
 8.9887e+01	
 8.9887e+01	
 8.9885e+01	
 8.9885e+01	
 8.9885e+01	
 8.9885e+01	
 8.9887e+01	
 8.9887e+01	
 8.9887e+01	
 8.9887e+01	
 8.9887e+01	
 8.9888e+01	
 8.9890e+01	
 8.9887e+01	
 8.9890e+01	
 8.9890e+01	
 8.9890e+01	
 8.9890e+01	
 8.9890e+01	
 8.9895e+01	
 8.9895e+01	
 8.9893e+01	
 8.9893e+01	
 8.9897e+01	
 8.9897e+01	
 8.9895e+01	
 8.9900e+01	
 8.9898e+01	
 8.9898e+01	
 8.9898e+01	
 8.9898e+01	
 8.9900e+01	
 8.9902e+01	
 8.9900e+01	
 8.9903e+01	
 8.9905e+01	
 8.9905e+01	
 8.9905e+01	
 8.9903e+01	
 8.9907e+01	
 8.9907e+01	
 8.9905e+01	
 8.9907e+01	
 8.9908e+01	
 8.9910e+01	
 8.9910e+01	
 8.9910e+01	
 8.9910e+01	
 8.9910e+01	
 8.9910e+01	
 8.9912e+01	
 8.9912e+01	
 8.9913e+01	
 8.9913e+01	
 8.9913e+01	
 8.9913e+01	
 8.9913e+01	
 8.9917e+01	
 8.9915e+01	
 8.9917e+01	
 8.9918e+01	
 8.9922e+01	
 8.9923e+01	
 8.9925e+01	
 8.9927e+01	
 8.9930e+01	
 8.9927e+01	
 8.9927e+01	
 8.9927e+01	
 8.9927e+01	
 8.9927e+01	
 8.9927e+01	
 8.9927e+01	
 8.9927e+01	
 8.9927e+01	
 8.9928e+01	
 8.9930e+01	
 8.9932e+01	
 8.9928e+01	
 8.9932e+01	
 8.9928e+01	
 8.9932e+01	
 8.9930e+01	
 8.9930e+01	
 8.9932e+01	
 8.9932e+01	
 8.9933e+01	
 8.9935e+01	
 8.9933e+01	
 8.9935e+01	
 8.9937e+01	
 8.9935e+01	
 8.9935e+01	
 8.9935e+01	
 8.9938e+01	
 8.9938e+01	
 8.9940e+01	
 8.9942e+01	
 8.9940e+01	
 8.9943e+01	
 8.9943e+01	
 8.9942e+01	
 8.9945e+01	
 8.9945e+01	
 8.9945e+01	
 8.9943e+01	
 8.9943e+01	
 8.9945e+01	
 8.9945e+01	
 8.9945e+01	
 8.9945e+01	
 8.9947e+01	
 8.9947e+01	
 8.9947e+01	
 8.9947e+01	
 8.9948e+01	
 8.9950e+01	
 8.9952e+01	
 8.9950e+01	
 8.9948e+01	
 8.9952e+01	
 8.9952e+01	
 8.9952e+01	
 8.9952e+01	
 8.9952e+01	
 8.9952e+01	
 8.9952e+01	
 8.9952e+01	
 8.9955e+01	
 8.9955e+01	
 8.9953e+01	
 8.9955e+01	
 8.9958e+01	
 8.9957e+01	
 8.9958e+01	
 8.9958e+01	
 8.9958e+01	
 8.9958e+01	
 8.9958e+01	
 8.9958e+01	
 8.9958e+01	
 8.9960e+01	
 8.9958e+01	
 8.9958e+01	
 8.9960e+01	
 8.9960e+01	
 8.9960e+01	
 8.9960e+01	
 8.9960e+01	
 8.9962e+01	
 8.9962e+01	
 8.9962e+01	
 8.9963e+01	
 8.9963e+01	
 8.9963e+01	
 8.9963e+01	
 8.9963e+01	
 8.9963e+01	
 8.9963e+01	
 8.9963e+01	
 8.9965e+01	
 8.9965e+01	
 8.9965e+01	
 8.9965e+01	
 8.9965e+01	
 8.9967e+01	
 8.9967e+01	
 8.9967e+01	
 8.9967e+01	
 8.9967e+01	
 8.9968e+01	
 8.9968e+01	
 8.9967e+01	
 8.9968e+01	
 8.9968e+01	
 8.9968e+01	
 8.9968e+01	
 8.9968e+01	
 8.9968e+01	
 8.9968e+01	
 8.9968e+01	
 8.9968e+01	
 8.9968e+01	
 8.9968e+01	
 8.9970e+01	
 8.9970e+01	
 8.9970e+01	
 8.9970e+01	
 8.9970e+01	
 8.9970e+01	
 8.9970e+01	
 8.9968e+01	
 8.9968e+01	
 8.9968e+01	
 8.9968e+01	
 8.9968e+01	
 8.9968e+01	
 8.9968e+01	
 8.9968e+01	
 8.9968e+01	
 8.9972e+01	
 8.9970e+01	
 8.9973e+01	
 8.9973e+01	
 8.9975e+01	
 8.9973e+01	
 8.9977e+01	
 8.9975e+01	
 8.9977e+01	
 8.9977e+01	
 8.9977e+01	
 8.9977e+01	
 8.9977e+01	
 8.9977e+01	
 8.9977e+01	
 8.9977e+01	
 8.9977e+01	
 8.9975e+01	
 8.9975e+01	
 8.9977e+01	
 8.9973e+01	
 8.9975e+01	
 8.9975e+01	
 8.9975e+01	
 8.9975e+01	
 8.9977e+01	
 8.9978e+01	
 8.9977e+01	
 8.9978e+01	
 8.9980e+01	
 8.9978e+01	
 8.9980e+01	
 8.9980e+01	
 8.9982e+01	
 8.9982e+01	
 8.9983e+01	
 8.9983e+01	
 8.9985e+01	
 8.9983e+01	
 8.9985e+01	
 8.9985e+01	
 8.9985e+01	
 8.9985e+01	
 8.9987e+01	
 8.9987e+01	
 8.9987e+01	
 8.9988e+01	
 8.9987e+01	
 8.9988e+01	
 8.9987e+01	
 8.9988e+01	
 8.9988e+01	
 8.9988e+01	
 8.9988e+01	
 8.9992e+01	
 8.9992e+01	
 8.9993e+01	
 8.9992e+01	
 8.9995e+01	
 8.9995e+01	
 8.9997e+01	
 8.9997e+01	
 9.0000e+01	
 9.0000e+01	
 9.0002e+01	
 9.0002e+01	
 9.0002e+01	
 9.0002e+01	
 9.0002e+01	
 9.0003e+01	
 9.0005e+01	
 9.0005e+01	
 9.0005e+01	
 9.0005e+01	
 9.0007e+01	
 9.0002e+01	
 9.0005e+01	
 9.0005e+01	
 9.0005e+01	
 9.0003e+01	
 9.0005e+01	
 9.0005e+01	
 9.0005e+01	
 9.0005e+01	
 9.0005e+01	
 9.0005e+01	
 9.0003e+01	
 9.0007e+01	
 9.0007e+01	
 9.0005e+01	
 9.0010e+01	
 9.0008e+01	
 9.0010e+01	
 9.0010e+01	
 9.0008e+01	
 9.0010e+01	
 9.0010e+01	
 9.0010e+01	
 9.0013e+01	
 9.0013e+01	
 9.0017e+01	
 9.0017e+01	
 9.0017e+01	
 9.0017e+01	
 9.0017e+01	
 9.0017e+01	
 9.0018e+01	
 9.0018e+01	
 9.0020e+01	
 9.0022e+01	
 9.0023e+01	
 9.0022e+01	
 9.0025e+01	
 9.0025e+01	
 9.0027e+01	
 9.0027e+01	
 9.0027e+01	
 9.0027e+01	
 9.0027e+01	
 9.0027e+01	
 9.0027e+01	
 9.0028e+01	
 9.0028e+01	
 9.0028e+01	
 9.0028e+01	
 9.0030e+01	
 9.0032e+01	
 9.0030e+01	
 9.0032e+01	
 9.0032e+01	
 9.0032e+01	
 9.0032e+01	
 9.0030e+01	
 9.0033e+01	
 9.0030e+01	
 9.0032e+01	
 9.0032e+01	
 9.0033e+01	
 9.0035e+01	
 9.0035e+01	
 9.0035e+01	
 9.0035e+01	
 9.0035e+01	
 9.0033e+01	
 9.0033e+01	
 9.0032e+01	
 9.0032e+01	
 9.0032e+01	
 9.0032e+01	
 9.0033e+01	
 9.0033e+01	
 9.0033e+01	
 9.0035e+01	
 9.0035e+01	
 9.0037e+01	
 9.0035e+01	
 9.0038e+01	
 9.0038e+01	
 9.0038e+01	
 9.0038e+01	
 9.0040e+01	
 9.0042e+01	
 9.0042e+01	
 9.0043e+01	
 9.0042e+01	
 9.0043e+01	
 9.0043e+01	
 9.0043e+01	
 9.0042e+01	
 9.0043e+01	
 9.0042e+01	
 9.0043e+01	
 9.0043e+01	
 9.0042e+01	
 9.0045e+01	
 9.0043e+01	
 9.0045e+01	
 9.0043e+01	
 9.0047e+01	
 9.0047e+01	
 9.0045e+01	
 9.0047e+01	
 9.0045e+01	
 9.0045e+01	
 9.0045e+01	
 9.0047e+01	
 9.0047e+01	
 9.0047e+01	
 9.0048e+01	
 9.0050e+01	
 9.0048e+01	
 9.0048e+01	
 9.0050e+01	
 9.0048e+01	
 9.0050e+01	
 9.0053e+01	
 9.0052e+01	
 9.0052e+01	
 9.0052e+01	
 9.0052e+01	
 9.0053e+01	
 9.0055e+01	
 9.0055e+01	
 9.0055e+01	
 9.0057e+01	
 9.0055e+01	
 9.0053e+01	
 9.0055e+01	
 9.0057e+01	
 9.0060e+01	
 9.0058e+01	
 9.0055e+01	
 9.0055e+01	
 9.0057e+01	
 9.0057e+01	
 9.0057e+01	
 9.0057e+01	
 9.0057e+01	
 9.0055e+01	
 9.0055e+01	
 9.0058e+01	
 9.0057e+01	
 9.0052e+01	
 9.0053e+01	
 9.0055e+01	
 9.0053e+01	
 9.0053e+01	
 9.0055e+01	
 9.0053e+01	
 9.0057e+01	
 9.0057e+01	
 9.0058e+01	
 9.0055e+01	
 9.0055e+01	
 9.0057e+01	
 9.0055e+01	
 9.0057e+01	
 9.0055e+01	
 9.0055e+01	
 9.0058e+01	
 9.0057e+01	
 9.0058e+01	
 9.0060e+01	
 9.0060e+01	
 9.0060e+01	
 9.0060e+01	
 9.0062e+01	
 9.0063e+01	
 9.0063e+01	
 9.0063e+01	
 9.0067e+01	
 9.0067e+01	
 9.0067e+01	
 9.0067e+01	
 9.0067e+01	
 9.0067e+01	
 9.0067e+01	
 9.0067e+01	
 9.0067e+01	
 9.0067e+01	
 9.0067e+01	
 9.0067e+01	
 9.0067e+01	
 9.0068e+01	
 9.0068e+01	
 9.0068e+01	
 9.0068e+01	
 9.0070e+01	
 9.0070e+01	
 9.0067e+01	
 9.0070e+01	
 9.0070e+01	
 9.0072e+01	
 9.0070e+01	
 9.0070e+01	
 9.0073e+01	
 9.0070e+01	
 9.0070e+01	
 9.0070e+01	
 9.0072e+01	
 9.0072e+01	
 9.0075e+01	
 9.0077e+01	
 9.0077e+01	
 9.0073e+01	
 9.0078e+01	
 9.0078e+01	
 9.0078e+01	
 9.0077e+01	
 9.0078e+01	
 9.0077e+01	
 9.0075e+01	
 9.0075e+01	
 9.0075e+01	
 9.0075e+01	
 9.0077e+01	
 9.0077e+01	
 9.0077e+01	
 9.0075e+01	
 9.0077e+01	
 9.0077e+01	
 9.0078e+01	
 9.0080e+01	
 9.0080e+01	
 9.0080e+01	
 9.0080e+01	
 9.0082e+01	
 9.0080e+01	
 9.0082e+01	
 9.0082e+01	
 9.0082e+01	
 9.0083e+01	
 9.0087e+01	
 9.0083e+01	
 9.0083e+01	
 9.0083e+01	
 9.0083e+01	
 9.0083e+01	
 9.0083e+01	
 9.0085e+01	
 9.0085e+01	
 9.0085e+01	
 9.0083e+01	
 9.0085e+01	
 9.0083e+01	
 9.0085e+01	
 9.0085e+01	
 9.0085e+01	
 9.0085e+01	
 9.0085e+01	
 9.0087e+01	
 9.0087e+01	
 9.0088e+01	
 9.0088e+01	
 9.0088e+01	
 9.0088e+01	
 9.0088e+01	
 9.0090e+01	
 9.0090e+01	
 9.0090e+01	
 9.0088e+01	
 9.0090e+01	
 9.0090e+01	
 9.0092e+01	
 9.0088e+01	
 9.0092e+01	
 9.0090e+01	
 9.0092e+01	
 9.0088e+01	
 9.0090e+01	
 9.0088e+01	
 9.0088e+01	
 9.0088e+01	
 9.0092e+01	
 9.0088e+01	
 9.0090e+01	
 9.0090e+01	
 9.0090e+01	
 9.0092e+01	
 9.0093e+01	
 9.0097e+01	
 9.0093e+01	
 9.0092e+01	
 9.0097e+01	
 9.0093e+01	
 9.0095e+01	
 9.0095e+01	
 9.0095e+01	
 9.0095e+01	
 9.0095e+01	
 9.0095e+01	
 9.0095e+01	
 9.0098e+01	
 9.0097e+01	
 9.0098e+01	
 9.0098e+01	
 9.0097e+01	
 9.0100e+01	
 9.0102e+01	
 9.0102e+01	
 9.0102e+01	
 9.0103e+01	
 9.0102e+01	
 9.0102e+01	
 9.0102e+01	
 9.0103e+01	
 9.0103e+01	
 9.0103e+01	
 9.0103e+01	
 9.0103e+01	
 9.0103e+01	
 9.0105e+01	
 9.0102e+01	
 9.0102e+01	
 9.0102e+01	
 9.0103e+01	
 9.0107e+01	
 9.0108e+01	
 9.0107e+01	
 9.0108e+01	
 9.0108e+01	
 9.0108e+01	
 9.0110e+01	
 9.0108e+01	
 9.0108e+01	
 9.0108e+01	
 9.0108e+01	
 9.0110e+01	
 9.0112e+01	
 9.0113e+01	
 9.0113e+01	
 9.0113e+01	
 9.0112e+01	
 9.0113e+01	
 9.0113e+01	
 9.0113e+01	
 9.0113e+01	
 9.0112e+01	
 9.0113e+01	
 9.0113e+01	
 9.0113e+01	
 9.0113e+01	
 9.0113e+01	
 9.0113e+01	
 9.0113e+01	
 9.0113e+01	
 9.0113e+01	
 9.0113e+01	
 9.0113e+01	
 9.0115e+01	
 9.0118e+01	
 9.0118e+01	
 9.0117e+01	
 9.0120e+01	
 9.0120e+01	
 9.0122e+01	
 9.0122e+01	
 9.0123e+01	
 9.0122e+01	
 9.0122e+01	
 9.0122e+01	
 9.0122e+01	
 9.0123e+01	
 9.0123e+01	
 9.0123e+01	
 9.0123e+01	
 9.0125e+01	
 9.0123e+01	
 9.0127e+01	
 9.0125e+01	
 9.0127e+01	
 9.0125e+01	
 9.0125e+01	
 9.0127e+01	
 9.0123e+01	
 9.0125e+01	
 9.0122e+01	
 9.0125e+01	
 9.0125e+01	
 9.0127e+01	
 9.0127e+01	
 9.0128e+01	
 9.0128e+01	
 9.0130e+01	
 9.0133e+01	
 9.0132e+01	
 9.0133e+01	
 9.0133e+01	
 9.0135e+01	
 9.0137e+01	
 9.0137e+01	
 9.0137e+01	
 9.0137e+01	
 9.0138e+01	
 9.0137e+01	
 9.0138e+01	
 9.0137e+01	
 9.0137e+01	
 9.0137e+01	
 9.0138e+01	
 9.0138e+01	
 9.0138e+01	
 9.0137e+01	
 9.0142e+01	
 9.0138e+01	
 9.0140e+01	
 9.0142e+01	
 9.0138e+01	
 9.0140e+01	
 9.0138e+01	
 9.0138e+01	
 9.0138e+01	
 9.0138e+01	
 9.0138e+01	
 9.0138e+01	
 9.0140e+01	
 9.0140e+01	
 9.0140e+01	
 9.0140e+01	
 9.0142e+01	
 9.0142e+01	
 9.0143e+01	
 9.0142e+01	
 9.0142e+01	
 9.0142e+01	
 9.0142e+01	
 9.0143e+01	
 9.0143e+01	
 9.0147e+01	
 9.0143e+01	
 9.0147e+01	
 9.0145e+01	
 9.0145e+01	
 9.0145e+01	
 9.0147e+01	
 9.0143e+01	
 9.0145e+01	
 9.0147e+01	
 9.0147e+01	
 9.0147e+01	
 9.0145e+01	
 9.0147e+01	
 9.0150e+01	
 9.0147e+01	
 9.0148e+01	
 9.0148e+01	
 9.0148e+01	
 9.0147e+01	
 9.0147e+01	
 9.0147e+01	
 9.0147e+01	
 9.0147e+01	
 9.0150e+01	
 9.0148e+01	
 9.0152e+01	
 9.0150e+01	
 9.0152e+01	
 9.0153e+01	
 9.0153e+01	
 9.0153e+01	
 9.0153e+01	
 9.0155e+01	
 9.0155e+01	
 9.0153e+01	
 9.0157e+01	
 9.0155e+01	
 9.0157e+01	
 9.0157e+01	
 9.0158e+01	
 9.0160e+01	
 9.0158e+01	
 9.0158e+01	
 9.0162e+01	
 9.0162e+01	
 9.0162e+01	
 9.0162e+01	
 9.0160e+01	
 9.0160e+01	
 9.0160e+01	
 9.0162e+01	
 9.0163e+01	
 9.0162e+01	
 9.0162e+01	
 9.0165e+01	
 9.0167e+01	
 9.0168e+01	
 9.0168e+01	
 9.0170e+01	
 9.0170e+01	
 9.0172e+01	
 9.0173e+01	
 9.0172e+01	
 9.0173e+01	
 9.0172e+01	
 9.0173e+01	
 9.0170e+01	
 9.0173e+01	
 9.0175e+01	
 9.0175e+01	
 9.0177e+01	
 9.0175e+01	
 9.0177e+01	
 9.0177e+01	
 9.0178e+01	
 9.0182e+01	
 9.0182e+01	
 9.0180e+01	
 9.0182e+01	
 9.0183e+01	
 9.0182e+01	
 9.0183e+01	
 9.0183e+01	
 9.0185e+01	
 9.0183e+01	
 9.0187e+01	
 9.0185e+01	
 9.0190e+01	
 9.0190e+01	
 9.0188e+01	
 9.0187e+01	
 9.0190e+01	
 9.0190e+01	
 9.0188e+01	
 9.0187e+01	
 9.0190e+01	
 9.0188e+01	
 9.0190e+01	
 9.0192e+01	
 9.0190e+01	
 9.0192e+01	
 9.0192e+01	
 9.0190e+01	
 9.0190e+01	
 9.0188e+01	
 9.0190e+01	
 9.0190e+01	
 9.0190e+01	
 9.0190e+01	
 9.0188e+01	
 9.0192e+01	
 9.0192e+01	
 9.0192e+01	
 9.0192e+01	
 9.0192e+01	
 9.0190e+01	
 9.0192e+01	
 9.0192e+01	
 9.0192e+01	
 9.0192e+01	
 9.0192e+01	
 9.0193e+01	
 9.0193e+01	
 9.0192e+01	
 9.0193e+01	
 9.0193e+01	
 9.0193e+01	
 9.0193e+01	
 9.0192e+01	
 9.0193e+01	
 9.0193e+01	
 9.0193e+01	
 9.0193e+01	
 9.0192e+01	
 9.0193e+01	
 9.0193e+01	
 9.0195e+01	
 9.0195e+01	
 9.0195e+01	
 9.0195e+01	
 9.0200e+01	
 9.0197e+01	
 9.0197e+01	
 9.0198e+01	
 9.0198e+01	
 9.0198e+01	
 9.0200e+01	
 9.0197e+01	
 9.0198e+01	
 9.0198e+01	
 9.0198e+01	
 9.0198e+01	
 9.0200e+01	
 9.0198e+01	
 9.0200e+01	
 9.0200e+01	
 9.0198e+01	
 9.0200e+01	
 9.0200e+01	
 9.0198e+01	
 9.0197e+01	
 9.0198e+01	
 9.0198e+01	
 9.0200e+01	
 9.0200e+01	
 9.0198e+01	
 9.0202e+01	
 9.0200e+01	
 9.0200e+01	
 9.0198e+01	
 9.0202e+01	
 9.0202e+01	
 9.0202e+01	
 9.0203e+01	
 9.0205e+01	
 9.0203e+01	
 9.0205e+01	
 9.0205e+01	
 9.0203e+01	
 9.0207e+01	
 9.0205e+01	
 9.0207e+01	
 9.0207e+01	
 9.0207e+01	
 9.0205e+01	
 9.0207e+01	
 9.0207e+01	
 9.0207e+01	
 9.0207e+01	
 9.0207e+01	
 9.0207e+01	
 9.0207e+01	
 9.0208e+01	
 9.0208e+01	
 9.0207e+01	
 9.0210e+01	
 9.0210e+01	
 9.0210e+01	
 9.0210e+01	
 9.0208e+01	
 9.0210e+01	
 9.0207e+01	
 9.0210e+01	
 9.0210e+01	
 9.0208e+01	
 9.0208e+01	
 9.0208e+01	
 9.0207e+01	
 9.0208e+01	
 9.0207e+01	
 9.0208e+01	
 9.0208e+01	
 9.0208e+01	
 9.0208e+01	
 9.0207e+01	
 9.0208e+01	
 9.0207e+01	
 9.0208e+01	
 9.0210e+01	
 9.0213e+01	
 9.0212e+01	
 9.0215e+01	
 9.0215e+01	
 9.0215e+01	
 9.0217e+01	
 9.0217e+01	
 9.0217e+01	
 9.0217e+01	
 9.0217e+01	
 9.0217e+01	
 9.0217e+01	
 9.0217e+01	
 9.0215e+01	
 9.0217e+01	
 9.0217e+01	
 9.0218e+01	
 9.0220e+01	
 9.0222e+01	
 9.0220e+01	
 9.0218e+01	
 9.0220e+01	
 9.0222e+01	
 9.0222e+01	
 9.0222e+01	
 9.0225e+01	
 9.0225e+01	
 9.0223e+01	
 9.0227e+01	
 9.0227e+01	
 9.0227e+01	
 9.0227e+01	
 9.0227e+01	
 9.0227e+01	
 9.0227e+01	
 9.0228e+01	
 9.0228e+01	
 9.0227e+01	
 9.0230e+01	
 9.0233e+01	
 9.0233e+01	
 9.0230e+01	
 9.0233e+01	
 9.0235e+01	
 9.0235e+01	
 9.0235e+01	
 9.0235e+01	
 9.0237e+01	
