% mean class accuracy (train set)	
 6.8582e+01	
 9.1998e+01	
 9.7239e+01	
 9.7763e+01	
 9.8102e+01	
 9.8316e+01	
 9.8534e+01	
 9.8687e+01	
 9.8844e+01	
 9.8958e+01	
 9.9101e+01	
 9.9212e+01	
 9.9304e+01	
 9.9361e+01	
 9.9454e+01	
 9.9497e+01	
 9.9508e+01	
 9.9558e+01	
 9.9608e+01	
 9.9615e+01	
 9.9615e+01	
 9.9668e+01	
 9.9654e+01	
 9.9693e+01	
 9.9704e+01	
 9.9718e+01	
 9.9732e+01	
 9.9718e+01	
 9.9736e+01	
 9.9757e+01	
 9.9790e+01	
 9.9782e+01	
 9.9797e+01	
 9.9800e+01	
 9.9800e+01	
 9.9811e+01	
 9.9822e+01	
 9.9811e+01	
 9.9832e+01	
 9.9854e+01	
 9.9832e+01	
 9.9847e+01	
 9.9850e+01	
 9.9857e+01	
 9.9861e+01	
 9.9868e+01	
 9.9864e+01	
 9.9861e+01	
 9.9875e+01	
 9.9875e+01	
 9.9872e+01	
 9.9889e+01	
 9.9882e+01	
 9.9879e+01	
 9.9889e+01	
 9.9889e+01	
 9.9900e+01	
 9.9893e+01	
 9.9882e+01	
 9.9893e+01	
 9.9900e+01	
 9.9911e+01	
 9.9900e+01	
 9.9911e+01	
 9.9907e+01	
 9.9914e+01	
 9.9911e+01	
 9.9907e+01	
 9.9914e+01	
 9.9911e+01	
 9.9922e+01	
 9.9922e+01	
 9.9918e+01	
 9.9918e+01	
 9.9932e+01	
 9.9929e+01	
 9.9929e+01	
 9.9932e+01	
 9.9925e+01	
 9.9936e+01	
 9.9936e+01	
 9.9936e+01	
 9.9929e+01	
 9.9936e+01	
 9.9939e+01	
 9.9939e+01	
 9.9939e+01	
 9.9932e+01	
 9.9939e+01	
 9.9950e+01	
 9.9950e+01	
 9.9950e+01	
 9.9943e+01	
 9.9939e+01	
 9.9950e+01	
 9.9954e+01	
 9.9954e+01	
 9.9943e+01	
 9.9954e+01	
 9.9961e+01	
 9.9950e+01	
 9.9961e+01	
 9.9957e+01	
 9.9957e+01	
 9.9961e+01	
 9.9968e+01	
 9.9964e+01	
 9.9964e+01	
 9.9964e+01	
 9.9964e+01	
 9.9964e+01	
 9.9964e+01	
 9.9968e+01	
 9.9964e+01	
 9.9968e+01	
 9.9968e+01	
 9.9971e+01	
 9.9971e+01	
 9.9971e+01	
 9.9968e+01	
 9.9971e+01	
 9.9968e+01	
 9.9971e+01	
 9.9971e+01	
 9.9971e+01	
